Instruction           0:   2010.00 ns
Instruction           1:   2110.00 ns
Instruction           2:   2210.00 ns
Instruction           3:   2310.00 ns
Instruction           4:   2410.00 ns
Instruction           5:   2510.00 ns
Instruction           6:   2610.00 ns
Instruction           7:   2710.00 ns
Instruction           8:   2810.00 ns
Instruction           9:   2910.00 ns
Instruction          10:   3010.00 ns
Instruction          11:   3110.00 ns
Instruction          12:   3210.00 ns
Instruction          13:   3310.00 ns
Instruction          14:   3410.00 ns
Instruction          15:   3510.00 ns
Instruction          16:   3610.00 ns
Instruction          17:   3710.00 ns
Instruction          18:   3810.00 ns
Instruction          19:   3910.00 ns
Instruction          20:   4010.00 ns
Instruction          21:   4110.00 ns
Instruction          22:   4210.00 ns
Instruction          23:   4310.00 ns
Instruction          24:   4410.00 ns
Instruction          25:   4510.00 ns
Instruction          26:   4610.00 ns
Instruction          27:   4710.00 ns
Instruction          28:   4810.00 ns
Instruction          29:   4910.00 ns
Instruction          30:   5010.00 ns
Instruction          31:   5110.00 ns
Instruction          32:   5210.00 ns
Instruction          33:   5310.00 ns
Instruction          34:   5410.00 ns
Instruction          35:   5510.00 ns
Instruction          36:   5630.00 ns
Instruction          37:   5730.00 ns
Instruction          38:   5830.00 ns
Instruction          39:   6030.00 ns
Instruction          40:   6210.00 ns
Instruction          41:   6290.00 ns
Instruction          42:   6390.00 ns
Instruction          43:   6570.00 ns
Instruction          44:   6650.00 ns
Instruction          45:   6750.00 ns
Instruction          46:   6850.00 ns
Instruction          47:   6950.00 ns
Instruction          48:   7050.00 ns
Instruction          49:   7170.00 ns
Instruction          50:   7270.00 ns
Instruction          51:   7470.00 ns
Instruction          52:   7570.00 ns
Instruction          53:   7670.00 ns
Instruction          54:   7770.00 ns
Instruction          55:   7870.00 ns
Instruction          56:   7970.00 ns
Instruction          57:   8070.00 ns
Instruction          58:   8170.00 ns
Instruction          59:   8270.00 ns
Instruction          60:   8370.00 ns
Instruction          61:   8470.00 ns
Instruction          62:   8570.00 ns
Instruction          63:   8670.00 ns
Instruction          64:   8770.00 ns
Instruction          65:   8870.00 ns
Instruction          66:   8970.00 ns
Instruction          67:   9070.00 ns
Instruction          68:   9170.00 ns
Instruction          69:   9270.00 ns
Instruction          70:   9370.00 ns
Instruction          71:   9470.00 ns
Instruction          72:   9570.00 ns
Instruction          73:   9670.00 ns
Instruction          74:   9770.00 ns
Instruction          75:   9870.00 ns
Instruction          76:   9970.00 ns
Instruction          77:  10170.00 ns
Instruction          78:  10270.00 ns
Instruction          79:  10370.00 ns
Instruction          80:  10470.00 ns
Instruction          81:  10670.00 ns
Instruction          82:  10770.00 ns
Instruction          83:  10870.00 ns
Instruction          84:  10970.00 ns
Instruction          85:  11170.00 ns
Instruction          86:  11270.00 ns
Instruction          87:  11370.00 ns
Instruction          88:  11470.00 ns
Instruction          89:  11670.00 ns
Instruction          90:  11770.00 ns
Instruction          91:  11870.00 ns
Instruction          92:  11970.00 ns
Instruction          93:  12170.00 ns
Instruction          94:  12270.00 ns
Instruction          95:  12370.00 ns
Instruction          96:  12470.00 ns
Instruction          97:  12670.00 ns
Instruction          98:  12770.00 ns
Instruction          99:  12870.00 ns
Instruction         100:  12970.00 ns
Instruction         101:  13170.00 ns
Instruction         102:  13270.00 ns
Instruction         103:  13370.00 ns
Instruction         104:  13470.00 ns
Instruction         105:  13670.00 ns
Instruction         106:  13770.00 ns
Instruction         107:  13870.00 ns
Instruction         108:  13970.00 ns
Instruction         109:  14170.00 ns
Instruction         110:  14270.00 ns
Instruction         111:  14370.00 ns
Instruction         112:  14470.00 ns
Instruction         113:  14670.00 ns
Instruction         114:  14770.00 ns
Instruction         115:  14870.00 ns
Instruction         116:  14970.00 ns
Instruction         117:  15170.00 ns
Instruction         118:  15270.00 ns
Instruction         119:  15370.00 ns
Instruction         120:  15470.00 ns
Instruction         121:  15670.00 ns
Instruction         122:  15770.00 ns
Instruction         123:  15870.00 ns
Instruction         124:  15970.00 ns
Instruction         125:  16170.00 ns
Instruction         126:  16270.00 ns
Instruction         127:  16370.00 ns
Instruction         128:  16470.00 ns
Instruction         129:  16670.00 ns
Instruction         130:  16770.00 ns
Instruction         131:  16870.00 ns
Instruction         132:  16970.00 ns
Instruction         133:  17170.00 ns
Instruction         134:  17270.00 ns
Instruction         135:  17370.00 ns
Instruction         136:  17470.00 ns
Instruction         137:  17670.00 ns
Instruction         138:  17770.00 ns
Instruction         139:  17870.00 ns
Instruction         140:  17970.00 ns
Instruction         141:  18170.00 ns
Instruction         142:  18270.00 ns
Instruction         143:  18370.00 ns
Instruction         144:  18470.00 ns
Instruction         145:  18670.00 ns
Instruction         146:  18770.00 ns
Instruction         147:  18870.00 ns
Instruction         148:  18970.00 ns
Instruction         149:  19170.00 ns
Instruction         150:  19270.00 ns
Instruction         151:  19370.00 ns
Instruction         152:  19470.00 ns
Instruction         153:  19670.00 ns
Instruction         154:  19770.00 ns
Instruction         155:  19870.00 ns
Instruction         156:  19970.00 ns
Instruction         157:  20170.00 ns
Instruction         158:  20270.00 ns
Instruction         159:  20370.00 ns
Instruction         160:  20470.00 ns
Instruction         161:  20670.00 ns
Instruction         162:  20770.00 ns
Instruction         163:  20870.00 ns
Instruction         164:  20970.00 ns
Instruction         165:  21170.00 ns
Instruction         166:  21270.00 ns
Instruction         167:  21370.00 ns
Instruction         168:  21470.00 ns
Instruction         169:  21670.00 ns
Instruction         170:  21770.00 ns
Instruction         171:  21870.00 ns
Instruction         172:  21970.00 ns
Instruction         173:  22170.00 ns
Instruction         174:  22270.00 ns
Instruction         175:  22370.00 ns
Instruction         176:  22470.00 ns
Instruction         177:  22670.00 ns
Instruction         178:  22770.00 ns
Instruction         179:  22870.00 ns
Instruction         180:  22970.00 ns
Instruction         181:  23170.00 ns
Instruction         182:  23270.00 ns
Instruction         183:  23370.00 ns
Instruction         184:  23470.00 ns
Instruction         185:  23670.00 ns
Instruction         186:  23770.00 ns
Instruction         187:  23870.00 ns
Instruction         188:  23970.00 ns
Instruction         189:  24170.00 ns
Instruction         190:  24270.00 ns
Instruction         191:  24370.00 ns
Instruction         192:  24470.00 ns
Instruction         193:  24670.00 ns
Instruction         194:  24770.00 ns
Instruction         195:  24870.00 ns
Instruction         196:  24970.00 ns
Instruction         197:  25170.00 ns
Instruction         198:  25270.00 ns
Instruction         199:  25370.00 ns
Instruction         200:  25470.00 ns
Instruction         201:  25670.00 ns
Instruction         202:  25770.00 ns
Instruction         203:  25870.00 ns
Instruction         204:  25970.00 ns
Instruction         205:  26170.00 ns
Instruction         206:  26270.00 ns
Instruction         207:  26370.00 ns
Instruction         208:  26470.00 ns
Instruction         209:  26670.00 ns
Instruction         210:  26770.00 ns
Instruction         211:  26870.00 ns
Instruction         212:  26970.00 ns
Instruction         213:  27170.00 ns
Instruction         214:  27270.00 ns
Instruction         215:  27370.00 ns
Instruction         216:  27470.00 ns
Instruction         217:  27670.00 ns
Instruction         218:  27770.00 ns
Instruction         219:  27870.00 ns
Instruction         220:  27970.00 ns
Instruction         221:  28170.00 ns
Instruction         222:  28270.00 ns
Instruction         223:  28370.00 ns
Instruction         224:  28470.00 ns
Instruction         225:  28670.00 ns
Instruction         226:  28770.00 ns
Instruction         227:  28870.00 ns
Instruction         228:  28970.00 ns
Instruction         229:  29170.00 ns
Instruction         230:  29270.00 ns
Instruction         231:  29370.00 ns
Instruction         232:  29470.00 ns
Instruction         233:  29670.00 ns
Instruction         234:  29770.00 ns
Instruction         235:  29870.00 ns
Instruction         236:  29970.00 ns
Instruction         237:  30170.00 ns
Instruction         238:  30270.00 ns
Instruction         239:  30370.00 ns
Instruction         240:  30470.00 ns
Instruction         241:  30670.00 ns
Instruction         242:  30770.00 ns
Instruction         243:  30870.00 ns
Instruction         244:  30970.00 ns
Instruction         245:  31170.00 ns
Instruction         246:  31270.00 ns
Instruction         247:  31370.00 ns
Instruction         248:  31470.00 ns
Instruction         249:  31670.00 ns
Instruction         250:  31770.00 ns
Instruction         251:  31870.00 ns
Instruction         252:  31970.00 ns
Instruction         253:  32170.00 ns
Instruction         254:  32270.00 ns
Instruction         255:  32370.00 ns
Instruction         256:  32470.00 ns
Instruction         257:  32670.00 ns
Instruction         258:  32770.00 ns
Instruction         259:  32870.00 ns
Instruction         260:  32970.00 ns
Instruction         261:  33170.00 ns
Instruction         262:  33270.00 ns
Instruction         263:  33370.00 ns
Instruction         264:  33470.00 ns
Instruction         265:  33670.00 ns
Instruction         266:  33770.00 ns
Instruction         267:  33870.00 ns
Instruction         268:  33970.00 ns
Instruction         269:  34170.00 ns
Instruction         270:  34270.00 ns
Instruction         271:  34370.00 ns
Instruction         272:  34470.00 ns
Instruction         273:  34670.00 ns
Instruction         274:  34770.00 ns
Instruction         275:  34870.00 ns
Instruction         276:  34970.00 ns
Instruction         277:  35170.00 ns
Instruction         278:  35270.00 ns
Instruction         279:  35370.00 ns
Instruction         280:  35470.00 ns
Instruction         281:  35670.00 ns
Instruction         282:  35770.00 ns
Instruction         283:  35870.00 ns
Instruction         284:  35970.00 ns
Instruction         285:  36170.00 ns
Instruction         286:  36270.00 ns
Instruction         287:  36370.00 ns
Instruction         288:  36470.00 ns
Instruction         289:  36670.00 ns
Instruction         290:  36770.00 ns
Instruction         291:  36870.00 ns
Instruction         292:  36970.00 ns
Instruction         293:  37170.00 ns
Instruction         294:  37270.00 ns
Instruction         295:  37370.00 ns
Instruction         296:  37470.00 ns
Instruction         297:  37670.00 ns
Instruction         298:  37770.00 ns
Instruction         299:  37870.00 ns
Instruction         300:  37970.00 ns
Instruction         301:  38170.00 ns
Instruction         302:  38270.00 ns
Instruction         303:  38370.00 ns
Instruction         304:  38470.00 ns
Instruction         305:  38670.00 ns
Instruction         306:  38770.00 ns
Instruction         307:  38870.00 ns
Instruction         308:  38970.00 ns
Instruction         309:  39170.00 ns
Instruction         310:  39270.00 ns
Instruction         311:  39370.00 ns
Instruction         312:  39470.00 ns
Instruction         313:  39670.00 ns
Instruction         314:  39770.00 ns
Instruction         315:  39870.00 ns
Instruction         316:  39970.00 ns
Instruction         317:  40170.00 ns
Instruction         318:  40270.00 ns
Instruction         319:  40370.00 ns
Instruction         320:  40470.00 ns
Instruction         321:  40670.00 ns
Instruction         322:  40770.00 ns
Instruction         323:  40870.00 ns
Instruction         324:  40970.00 ns
Instruction         325:  41170.00 ns
Instruction         326:  41270.00 ns
Instruction         327:  41370.00 ns
Instruction         328:  41470.00 ns
Instruction         329:  41670.00 ns
Instruction         330:  41770.00 ns
Instruction         331:  41870.00 ns
Instruction         332:  41970.00 ns
Instruction         333:  42170.00 ns
Instruction         334:  42270.00 ns
Instruction         335:  42370.00 ns
Instruction         336:  42470.00 ns
Instruction         337:  42670.00 ns
Instruction         338:  42770.00 ns
Instruction         339:  42870.00 ns
Instruction         340:  42970.00 ns
Instruction         341:  43170.00 ns
Instruction         342:  43270.00 ns
Instruction         343:  43370.00 ns
Instruction         344:  43470.00 ns
Instruction         345:  43670.00 ns
Instruction         346:  43770.00 ns
Instruction         347:  43870.00 ns
Instruction         348:  43970.00 ns
Instruction         349:  44170.00 ns
Instruction         350:  44270.00 ns
Instruction         351:  44370.00 ns
Instruction         352:  44470.00 ns
Instruction         353:  44670.00 ns
Instruction         354:  44770.00 ns
Instruction         355:  44870.00 ns
Instruction         356:  44970.00 ns
Instruction         357:  45170.00 ns
Instruction         358:  45270.00 ns
Instruction         359:  45370.00 ns
Instruction         360:  45470.00 ns
Instruction         361:  45670.00 ns
Instruction         362:  45770.00 ns
Instruction         363:  45870.00 ns
Instruction         364:  45970.00 ns
Instruction         365:  46170.00 ns
Instruction         366:  46270.00 ns
Instruction         367:  46370.00 ns
Instruction         368:  46470.00 ns
Instruction         369:  46670.00 ns
Instruction         370:  46770.00 ns
Instruction         371:  46870.00 ns
Instruction         372:  46970.00 ns
Instruction         373:  47170.00 ns
Instruction         374:  47270.00 ns
Instruction         375:  47370.00 ns
Instruction         376:  47470.00 ns
Instruction         377:  47670.00 ns
Instruction         378:  47770.00 ns
Instruction         379:  47870.00 ns
Instruction         380:  47970.00 ns
Instruction         381:  48170.00 ns
Instruction         382:  48270.00 ns
Instruction         383:  48370.00 ns
Instruction         384:  48470.00 ns
Instruction         385:  48670.00 ns
Instruction         386:  48770.00 ns
Instruction         387:  48870.00 ns
Instruction         388:  48970.00 ns
Instruction         389:  49170.00 ns
Instruction         390:  49270.00 ns
Instruction         391:  49370.00 ns
Instruction         392:  49470.00 ns
Instruction         393:  49670.00 ns
Instruction         394:  49770.00 ns
Instruction         395:  49870.00 ns
Instruction         396:  49970.00 ns
Instruction         397:  50170.00 ns
Instruction         398:  50270.00 ns
Instruction         399:  50370.00 ns
Instruction         400:  50470.00 ns
Instruction         401:  50670.00 ns
Instruction         402:  50770.00 ns
Instruction         403:  50870.00 ns
Instruction         404:  50970.00 ns
Instruction         405:  51170.00 ns
Instruction         406:  51270.00 ns
Instruction         407:  51370.00 ns
Instruction         408:  51470.00 ns
Instruction         409:  51670.00 ns
Instruction         410:  51770.00 ns
Instruction         411:  51870.00 ns
Instruction         412:  51970.00 ns
Instruction         413:  52170.00 ns
Instruction         414:  52270.00 ns
Instruction         415:  52370.00 ns
Instruction         416:  52470.00 ns
Instruction         417:  52670.00 ns
Instruction         418:  52770.00 ns
Instruction         419:  52870.00 ns
Instruction         420:  52970.00 ns
Instruction         421:  53170.00 ns
Instruction         422:  53270.00 ns
Instruction         423:  53370.00 ns
Instruction         424:  53470.00 ns
Instruction         425:  53670.00 ns
Instruction         426:  53770.00 ns
Instruction         427:  53870.00 ns
Instruction         428:  53970.00 ns
Instruction         429:  54170.00 ns
Instruction         430:  54270.00 ns
Instruction         431:  54370.00 ns
Instruction         432:  54470.00 ns
Instruction         433:  54670.00 ns
Instruction         434:  54770.00 ns
Instruction         435:  54870.00 ns
Instruction         436:  54970.00 ns
Instruction         437:  55170.00 ns
Instruction         438:  55270.00 ns
Instruction         439:  55370.00 ns
Instruction         440:  55470.00 ns
Instruction         441:  55670.00 ns
Instruction         442:  55770.00 ns
Instruction         443:  55870.00 ns
Instruction         444:  55970.00 ns
Instruction         445:  56170.00 ns
Instruction         446:  56270.00 ns
Instruction         447:  56370.00 ns
Instruction         448:  56470.00 ns
Instruction         449:  56670.00 ns
Instruction         450:  56770.00 ns
Instruction         451:  56870.00 ns
Instruction         452:  56970.00 ns
Instruction         453:  57170.00 ns
Instruction         454:  57270.00 ns
Instruction         455:  57370.00 ns
Instruction         456:  57470.00 ns
Instruction         457:  57670.00 ns
Instruction         458:  57770.00 ns
Instruction         459:  57870.00 ns
Instruction         460:  57970.00 ns
Instruction         461:  58170.00 ns
Instruction         462:  58270.00 ns
Instruction         463:  58370.00 ns
Instruction         464:  58470.00 ns
Instruction         465:  58670.00 ns
Instruction         466:  58770.00 ns
Instruction         467:  58870.00 ns
Instruction         468:  58970.00 ns
Instruction         469:  59170.00 ns
Instruction         470:  59270.00 ns
Instruction         471:  59370.00 ns
Instruction         472:  59470.00 ns
Instruction         473:  59670.00 ns
Instruction         474:  59770.00 ns
Instruction         475:  59870.00 ns
Instruction         476:  59970.00 ns
Instruction         477:  60170.00 ns
Instruction         478:  60270.00 ns
Instruction         479:  60370.00 ns
Instruction         480:  60470.00 ns
Instruction         481:  60670.00 ns
Instruction         482:  60770.00 ns
Instruction         483:  60870.00 ns
Instruction         484:  60970.00 ns
Instruction         485:  61170.00 ns
Instruction         486:  61270.00 ns
Instruction         487:  61370.00 ns
Instruction         488:  61470.00 ns
Instruction         489:  61670.00 ns
Instruction         490:  61770.00 ns
Instruction         491:  61870.00 ns
Instruction         492:  61970.00 ns
Instruction         493:  62170.00 ns
Instruction         494:  62270.00 ns
Instruction         495:  62370.00 ns
Instruction         496:  62470.00 ns
Instruction         497:  62670.00 ns
Instruction         498:  62770.00 ns
Instruction         499:  62870.00 ns
Instruction         500:  62970.00 ns
Instruction         501:  63170.00 ns
Instruction         502:  63270.00 ns
Instruction         503:  63370.00 ns
Instruction         504:  63470.00 ns
Instruction         505:  63670.00 ns
Instruction         506:  63770.00 ns
Instruction         507:  63870.00 ns
Instruction         508:  63970.00 ns
Instruction         509:  64170.00 ns
Instruction         510:  64270.00 ns
Instruction         511:  64370.00 ns
Instruction         512:  64470.00 ns
Instruction         513:  64670.00 ns
Instruction         514:  64770.00 ns
Instruction         515:  64870.00 ns
Instruction         516:  64970.00 ns
Instruction         517:  65170.00 ns
Instruction         518:  65270.00 ns
Instruction         519:  65370.00 ns
Instruction         520:  65470.00 ns
Instruction         521:  65670.00 ns
Instruction         522:  65770.00 ns
Instruction         523:  65870.00 ns
Instruction         524:  65970.00 ns
Instruction         525:  66170.00 ns
Instruction         526:  66270.00 ns
Instruction         527:  66370.00 ns
Instruction         528:  66470.00 ns
Instruction         529:  66670.00 ns
Instruction         530:  66770.00 ns
Instruction         531:  66870.00 ns
Instruction         532:  66970.00 ns
Instruction         533:  67170.00 ns
Instruction         534:  67270.00 ns
Instruction         535:  67370.00 ns
Instruction         536:  67470.00 ns
Instruction         537:  67670.00 ns
Instruction         538:  67770.00 ns
Instruction         539:  67870.00 ns
Instruction         540:  67970.00 ns
Instruction         541:  68170.00 ns
Instruction         542:  68270.00 ns
Instruction         543:  68370.00 ns
Instruction         544:  68470.00 ns
Instruction         545:  68670.00 ns
Instruction         546:  68770.00 ns
Instruction         547:  68870.00 ns
Instruction         548:  68970.00 ns
Instruction         549:  69170.00 ns
Instruction         550:  69270.00 ns
Instruction         551:  69370.00 ns
Instruction         552:  69470.00 ns
Instruction         553:  69670.00 ns
Instruction         554:  69770.00 ns
Instruction         555:  69870.00 ns
Instruction         556:  69970.00 ns
Instruction         557:  70170.00 ns
Instruction         558:  70270.00 ns
Instruction         559:  70370.00 ns
Instruction         560:  70470.00 ns
Instruction         561:  70670.00 ns
Instruction         562:  70770.00 ns
Instruction         563:  70870.00 ns
Instruction         564:  70970.00 ns
Instruction         565:  71170.00 ns
Instruction         566:  71270.00 ns
Instruction         567:  71370.00 ns
Instruction         568:  71470.00 ns
Instruction         569:  71670.00 ns
Instruction         570:  71770.00 ns
Instruction         571:  71870.00 ns
Instruction         572:  71970.00 ns
Instruction         573:  72170.00 ns
Instruction         574:  72270.00 ns
Instruction         575:  72370.00 ns
Instruction         576:  72470.00 ns
Instruction         577:  72670.00 ns
Instruction         578:  72770.00 ns
Instruction         579:  72870.00 ns
Instruction         580:  72970.00 ns
Instruction         581:  73170.00 ns
Instruction         582:  73270.00 ns
Instruction         583:  73370.00 ns
Instruction         584:  73470.00 ns
Instruction         585:  73670.00 ns
Instruction         586:  73770.00 ns
Instruction         587:  73870.00 ns
Instruction         588:  73970.00 ns
Instruction         589:  74170.00 ns
Instruction         590:  74270.00 ns
Instruction         591:  74370.00 ns
Instruction         592:  74470.00 ns
Instruction         593:  74670.00 ns
Instruction         594:  74770.00 ns
Instruction         595:  74870.00 ns
Instruction         596:  74970.00 ns
Instruction         597:  75170.00 ns
Instruction         598:  75270.00 ns
Instruction         599:  75370.00 ns
Instruction         600:  75470.00 ns
Instruction         601:  75670.00 ns
Instruction         602:  75770.00 ns
Instruction         603:  75870.00 ns
Instruction         604:  75970.00 ns
Instruction         605:  76170.00 ns
Instruction         606:  76270.00 ns
Instruction         607:  76370.00 ns
Instruction         608:  76470.00 ns
Instruction         609:  76670.00 ns
Instruction         610:  76770.00 ns
Instruction         611:  76870.00 ns
Instruction         612:  76970.00 ns
Instruction         613:  77170.00 ns
Instruction         614:  77270.00 ns
Instruction         615:  77370.00 ns
Instruction         616:  77470.00 ns
Instruction         617:  77670.00 ns
Instruction         618:  77770.00 ns
Instruction         619:  77870.00 ns
Instruction         620:  77970.00 ns
Instruction         621:  78170.00 ns
Instruction         622:  78270.00 ns
Instruction         623:  78370.00 ns
Instruction         624:  78470.00 ns
Instruction         625:  78670.00 ns
Instruction         626:  78770.00 ns
Instruction         627:  78870.00 ns
Instruction         628:  78970.00 ns
Instruction         629:  79170.00 ns
Instruction         630:  79270.00 ns
Instruction         631:  79370.00 ns
Instruction         632:  79470.00 ns
Instruction         633:  79670.00 ns
Instruction         634:  79770.00 ns
Instruction         635:  79870.00 ns
Instruction         636:  79970.00 ns
Instruction         637:  80170.00 ns
Instruction         638:  80270.00 ns
Instruction         639:  80370.00 ns
Instruction         640:  80470.00 ns
Instruction         641:  80670.00 ns
Instruction         642:  80770.00 ns
Instruction         643:  80870.00 ns
Instruction         644:  80970.00 ns
Instruction         645:  81170.00 ns
Instruction         646:  81270.00 ns
Instruction         647:  81370.00 ns
Instruction         648:  81470.00 ns
Instruction         649:  81670.00 ns
Instruction         650:  81770.00 ns
Instruction         651:  81870.00 ns
Instruction         652:  81970.00 ns
Instruction         653:  82170.00 ns
Instruction         654:  82270.00 ns
Instruction         655:  82370.00 ns
Instruction         656:  82470.00 ns
Instruction         657:  82670.00 ns
Instruction         658:  82770.00 ns
Instruction         659:  82870.00 ns
Instruction         660:  82970.00 ns
Instruction         661:  83170.00 ns
Instruction         662:  83270.00 ns
Instruction         663:  83370.00 ns
Instruction         664:  83470.00 ns
Instruction         665:  83670.00 ns
Instruction         666:  83770.00 ns
Instruction         667:  83870.00 ns
Instruction         668:  83970.00 ns
Instruction         669:  84170.00 ns
Instruction         670:  84270.00 ns
Instruction         671:  84370.00 ns
Instruction         672:  84470.00 ns
Instruction         673:  84670.00 ns
Instruction         674:  84770.00 ns
Instruction         675:  84870.00 ns
Instruction         676:  84970.00 ns
Instruction         677:  85170.00 ns
Instruction         678:  85270.00 ns
Instruction         679:  85370.00 ns
Instruction         680:  85470.00 ns
Instruction         681:  85670.00 ns
Instruction         682:  85770.00 ns
Instruction         683:  85870.00 ns
Instruction         684:  85970.00 ns
Instruction         685:  86170.00 ns
Instruction         686:  86270.00 ns
Instruction         687:  86370.00 ns
Instruction         688:  86470.00 ns
Instruction         689:  86670.00 ns
Instruction         690:  86770.00 ns
Instruction         691:  86870.00 ns
Instruction         692:  86970.00 ns
Instruction         693:  87170.00 ns
Instruction         694:  87270.00 ns
Instruction         695:  87370.00 ns
Instruction         696:  87470.00 ns
Instruction         697:  87670.00 ns
Instruction         698:  87770.00 ns
Instruction         699:  87870.00 ns
Instruction         700:  87970.00 ns
Instruction         701:  88170.00 ns
Instruction         702:  88270.00 ns
Instruction         703:  88370.00 ns
Instruction         704:  88470.00 ns
Instruction         705:  88670.00 ns
Instruction         706:  88770.00 ns
Instruction         707:  88870.00 ns
Instruction         708:  88970.00 ns
Instruction         709:  89170.00 ns
Instruction         710:  89270.00 ns
Instruction         711:  89370.00 ns
Instruction         712:  89470.00 ns
Instruction         713:  89670.00 ns
Instruction         714:  89770.00 ns
Instruction         715:  89870.00 ns
Instruction         716:  89970.00 ns
Instruction         717:  90170.00 ns
Instruction         718:  90270.00 ns
Instruction         719:  90370.00 ns
Instruction         720:  90470.00 ns
Instruction         721:  90670.00 ns
Instruction         722:  90770.00 ns
Instruction         723:  90870.00 ns
Instruction         724:  90970.00 ns
Instruction         725:  91170.00 ns
Instruction         726:  91270.00 ns
Instruction         727:  91370.00 ns
Instruction         728:  91470.00 ns
Instruction         729:  91670.00 ns
Instruction         730:  91770.00 ns
Instruction         731:  91870.00 ns
Instruction         732:  91970.00 ns
Instruction         733:  92170.00 ns
Instruction         734:  92270.00 ns
Instruction         735:  92370.00 ns
Instruction         736:  92470.00 ns
Instruction         737:  92670.00 ns
Instruction         738:  92770.00 ns
Instruction         739:  92870.00 ns
Instruction         740:  92970.00 ns
Instruction         741:  93170.00 ns
Instruction         742:  93270.00 ns
Instruction         743:  93370.00 ns
Instruction         744:  93470.00 ns
Instruction         745:  93670.00 ns
Instruction         746:  93770.00 ns
Instruction         747:  93870.00 ns
Instruction         748:  93970.00 ns
Instruction         749:  94170.00 ns
Instruction         750:  94270.00 ns
Instruction         751:  94370.00 ns
Instruction         752:  94470.00 ns
Instruction         753:  94670.00 ns
Instruction         754:  94770.00 ns
Instruction         755:  94870.00 ns
Instruction         756:  94970.00 ns
Instruction         757:  95170.00 ns
Instruction         758:  95270.00 ns
Instruction         759:  95370.00 ns
Instruction         760:  95470.00 ns
Instruction         761:  95670.00 ns
Instruction         762:  95770.00 ns
Instruction         763:  95870.00 ns
Instruction         764:  95970.00 ns
Instruction         765:  96170.00 ns
Instruction         766:  96270.00 ns
Instruction         767:  96370.00 ns
Instruction         768:  96470.00 ns
Instruction         769:  96670.00 ns
Instruction         770:  96770.00 ns
Instruction         771:  96870.00 ns
Instruction         772:  96970.00 ns
Instruction         773:  97170.00 ns
Instruction         774:  97270.00 ns
Instruction         775:  97370.00 ns
Instruction         776:  97470.00 ns
Instruction         777:  97670.00 ns
Instruction         778:  97770.00 ns
Instruction         779:  97870.00 ns
Instruction         780:  97970.00 ns
Instruction         781:  98170.00 ns
Instruction         782:  98270.00 ns
Instruction         783:  98370.00 ns
Instruction         784:  98470.00 ns
Instruction         785:  98670.00 ns
Instruction         786:  98770.00 ns
Instruction         787:  98870.00 ns
Instruction         788:  98970.00 ns
Instruction         789:  99170.00 ns
Instruction         790:  99270.00 ns
Instruction         791:  99370.00 ns
Instruction         792:  99470.00 ns
Instruction         793:  99670.00 ns
Instruction         794:  99770.00 ns
Instruction         795:  99870.00 ns
Instruction         796:  99970.00 ns
Instruction         797: 100170.00 ns
Instruction         798: 100270.00 ns
Instruction         799: 100370.00 ns
Instruction         800: 100470.00 ns
Instruction         801: 100670.00 ns
Instruction         802: 100770.00 ns
Instruction         803: 100870.00 ns
Instruction         804: 100970.00 ns
Instruction         805: 101170.00 ns
Instruction         806: 101270.00 ns
Instruction         807: 101370.00 ns
Instruction         808: 101470.00 ns
Instruction         809: 101670.00 ns
Instruction         810: 101770.00 ns
Instruction         811: 101870.00 ns
Instruction         812: 101970.00 ns
Instruction         813: 102170.00 ns
Instruction         814: 102270.00 ns
Instruction         815: 102370.00 ns
Instruction         816: 102470.00 ns
Instruction         817: 102670.00 ns
Instruction         818: 102770.00 ns
Instruction         819: 102870.00 ns
Instruction         820: 102970.00 ns
Instruction         821: 103170.00 ns
Instruction         822: 103270.00 ns
Instruction         823: 103370.00 ns
Instruction         824: 103470.00 ns
Instruction         825: 103670.00 ns
Instruction         826: 103770.00 ns
Instruction         827: 103870.00 ns
Instruction         828: 103970.00 ns
Instruction         829: 104170.00 ns
Instruction         830: 104270.00 ns
Instruction         831: 104370.00 ns
Instruction         832: 104470.00 ns
Instruction         833: 104670.00 ns
Instruction         834: 104770.00 ns
Instruction         835: 104870.00 ns
Instruction         836: 104970.00 ns
Instruction         837: 105170.00 ns
Instruction         838: 105270.00 ns
Instruction         839: 105370.00 ns
Instruction         840: 105470.00 ns
Instruction         841: 105670.00 ns
Instruction         842: 105770.00 ns
Instruction         843: 105870.00 ns
Instruction         844: 105970.00 ns
Instruction         845: 106170.00 ns
Instruction         846: 106270.00 ns
Instruction         847: 106370.00 ns
Instruction         848: 106470.00 ns
Instruction         849: 106670.00 ns
Instruction         850: 106770.00 ns
Instruction         851: 106870.00 ns
Instruction         852: 106970.00 ns
Instruction         853: 107170.00 ns
Instruction         854: 107270.00 ns
Instruction         855: 107370.00 ns
Instruction         856: 107470.00 ns
Instruction         857: 107670.00 ns
Instruction         858: 107770.00 ns
Instruction         859: 107870.00 ns
Instruction         860: 107970.00 ns
Instruction         861: 108170.00 ns
Instruction         862: 108270.00 ns
Instruction         863: 108370.00 ns
Instruction         864: 108470.00 ns
Instruction         865: 108670.00 ns
Instruction         866: 108770.00 ns
Instruction         867: 108870.00 ns
Instruction         868: 108970.00 ns
Instruction         869: 109170.00 ns
Instruction         870: 109270.00 ns
Instruction         871: 109370.00 ns
Instruction         872: 109470.00 ns
Instruction         873: 109670.00 ns
Instruction         874: 109770.00 ns
Instruction         875: 109870.00 ns
Instruction         876: 109970.00 ns
Instruction         877: 110170.00 ns
Instruction         878: 110270.00 ns
Instruction         879: 110370.00 ns
Instruction         880: 110470.00 ns
Instruction         881: 110670.00 ns
Instruction         882: 110770.00 ns
Instruction         883: 110870.00 ns
Instruction         884: 110970.00 ns
Instruction         885: 111170.00 ns
Instruction         886: 111270.00 ns
Instruction         887: 111370.00 ns
Instruction         888: 111470.00 ns
Instruction         889: 111670.00 ns
Instruction         890: 111770.00 ns
Instruction         891: 111870.00 ns
Instruction         892: 111970.00 ns
Instruction         893: 112170.00 ns
Instruction         894: 112270.00 ns
Instruction         895: 112370.00 ns
Instruction         896: 112470.00 ns
Instruction         897: 112670.00 ns
Instruction         898: 112770.00 ns
Instruction         899: 112870.00 ns
Instruction         900: 112970.00 ns
Instruction         901: 113170.00 ns
Instruction         902: 113270.00 ns
Instruction         903: 113370.00 ns
Instruction         904: 113470.00 ns
Instruction         905: 113670.00 ns
Instruction         906: 113770.00 ns
Instruction         907: 113870.00 ns
Instruction         908: 113970.00 ns
Instruction         909: 114170.00 ns
Instruction         910: 114270.00 ns
Instruction         911: 114370.00 ns
Instruction         912: 114470.00 ns
Instruction         913: 114670.00 ns
Instruction         914: 114770.00 ns
Instruction         915: 114870.00 ns
Instruction         916: 114970.00 ns
Instruction         917: 115170.00 ns
Instruction         918: 115270.00 ns
Instruction         919: 115370.00 ns
Instruction         920: 115470.00 ns
Instruction         921: 115670.00 ns
Instruction         922: 115770.00 ns
Instruction         923: 115870.00 ns
Instruction         924: 115970.00 ns
Instruction         925: 116170.00 ns
Instruction         926: 116270.00 ns
Instruction         927: 116370.00 ns
Instruction         928: 116470.00 ns
Instruction         929: 116670.00 ns
Instruction         930: 116770.00 ns
Instruction         931: 116870.00 ns
Instruction         932: 116970.00 ns
Instruction         933: 117170.00 ns
Instruction         934: 117270.00 ns
Instruction         935: 117370.00 ns
Instruction         936: 117470.00 ns
Instruction         937: 117670.00 ns
Instruction         938: 117770.00 ns
Instruction         939: 117870.00 ns
Instruction         940: 117970.00 ns
Instruction         941: 118170.00 ns
Instruction         942: 118270.00 ns
Instruction         943: 118370.00 ns
Instruction         944: 118470.00 ns
Instruction         945: 118670.00 ns
Instruction         946: 118770.00 ns
Instruction         947: 118870.00 ns
Instruction         948: 118970.00 ns
Instruction         949: 119170.00 ns
Instruction         950: 119270.00 ns
Instruction         951: 119370.00 ns
Instruction         952: 119470.00 ns
Instruction         953: 119670.00 ns
Instruction         954: 119770.00 ns
Instruction         955: 119870.00 ns
Instruction         956: 119970.00 ns
Instruction         957: 120170.00 ns
Instruction         958: 120270.00 ns
Instruction         959: 120370.00 ns
Instruction         960: 120470.00 ns
Instruction         961: 120670.00 ns
Instruction         962: 120770.00 ns
Instruction         963: 120870.00 ns
Instruction         964: 120970.00 ns
Instruction         965: 121170.00 ns
Instruction         966: 121270.00 ns
Instruction         967: 121370.00 ns
Instruction         968: 121470.00 ns
Instruction         969: 121670.00 ns
Instruction         970: 121770.00 ns
Instruction         971: 121870.00 ns
Instruction         972: 121970.00 ns
Instruction         973: 122170.00 ns
Instruction         974: 122270.00 ns
Instruction         975: 122370.00 ns
Instruction         976: 122470.00 ns
Instruction         977: 122670.00 ns
Instruction         978: 122770.00 ns
Instruction         979: 122870.00 ns
Instruction         980: 122970.00 ns
Instruction         981: 123170.00 ns
Instruction         982: 123270.00 ns
Instruction         983: 123370.00 ns
Instruction         984: 123470.00 ns
Instruction         985: 123670.00 ns
Instruction         986: 123770.00 ns
Instruction         987: 123870.00 ns
Instruction         988: 123970.00 ns
Instruction         989: 124170.00 ns
Instruction         990: 124270.00 ns
Instruction         991: 124370.00 ns
Instruction         992: 124470.00 ns
Instruction         993: 124670.00 ns
Instruction         994: 124770.00 ns
Instruction         995: 124870.00 ns
Instruction         996: 124970.00 ns
Instruction         997: 125170.00 ns
Instruction         998: 125270.00 ns
Instruction         999: 125370.00 ns
Instruction        1000: 125470.00 ns
Instruction        1001: 125670.00 ns
Instruction        1002: 125770.00 ns
Instruction        1003: 125870.00 ns
Instruction        1004: 125970.00 ns
Instruction        1005: 126170.00 ns
Instruction        1006: 126270.00 ns
Instruction        1007: 126370.00 ns
Instruction        1008: 126470.00 ns
Instruction        1009: 126670.00 ns
Instruction        1010: 126770.00 ns
Instruction        1011: 126870.00 ns
Instruction        1012: 126970.00 ns
Instruction        1013: 127170.00 ns
Instruction        1014: 127270.00 ns
Instruction        1015: 127370.00 ns
Instruction        1016: 127470.00 ns
Instruction        1017: 127670.00 ns
Instruction        1018: 127770.00 ns
Instruction        1019: 127870.00 ns
Instruction        1020: 127970.00 ns
Instruction        1021: 128170.00 ns
Instruction        1022: 128270.00 ns
Instruction        1023: 128370.00 ns
Instruction        1024: 128470.00 ns
Instruction        1025: 128670.00 ns
Instruction        1026: 128770.00 ns
Instruction        1027: 128870.00 ns
Instruction        1028: 128970.00 ns
Instruction        1029: 129170.00 ns
Instruction        1030: 129270.00 ns
Instruction        1031: 129370.00 ns
Instruction        1032: 129470.00 ns
Instruction        1033: 129670.00 ns
Instruction        1034: 129770.00 ns
Instruction        1035: 129870.00 ns
Instruction        1036: 129970.00 ns
Instruction        1037: 130170.00 ns
Instruction        1038: 130270.00 ns
Instruction        1039: 130370.00 ns
Instruction        1040: 130470.00 ns
Instruction        1041: 130670.00 ns
Instruction        1042: 130770.00 ns
Instruction        1043: 130870.00 ns
Instruction        1044: 130970.00 ns
Instruction        1045: 131170.00 ns
Instruction        1046: 131270.00 ns
Instruction        1047: 131370.00 ns
Instruction        1048: 131470.00 ns
Instruction        1049: 131670.00 ns
Instruction        1050: 131770.00 ns
Instruction        1051: 131870.00 ns
Instruction        1052: 131970.00 ns
Instruction        1053: 132170.00 ns
Instruction        1054: 132270.00 ns
Instruction        1055: 132370.00 ns
Instruction        1056: 132470.00 ns
Instruction        1057: 132670.00 ns
Instruction        1058: 132770.00 ns
Instruction        1059: 132870.00 ns
Instruction        1060: 132970.00 ns
Instruction        1061: 133170.00 ns
Instruction        1062: 133270.00 ns
Instruction        1063: 133370.00 ns
Instruction        1064: 133470.00 ns
Instruction        1065: 133670.00 ns
Instruction        1066: 133770.00 ns
Instruction        1067: 133870.00 ns
Instruction        1068: 133970.00 ns
Instruction        1069: 134170.00 ns
Instruction        1070: 134270.00 ns
Instruction        1071: 134370.00 ns
Instruction        1072: 134470.00 ns
Instruction        1073: 134670.00 ns
Instruction        1074: 134770.00 ns
Instruction        1075: 134870.00 ns
Instruction        1076: 134970.00 ns
Instruction        1077: 135170.00 ns
Instruction        1078: 135270.00 ns
Instruction        1079: 135370.00 ns
Instruction        1080: 135470.00 ns
Instruction        1081: 135670.00 ns
Instruction        1082: 135770.00 ns
Instruction        1083: 135870.00 ns
Instruction        1084: 135970.00 ns
Instruction        1085: 136170.00 ns
Instruction        1086: 136270.00 ns
Instruction        1087: 136370.00 ns
Instruction        1088: 136470.00 ns
Instruction        1089: 136670.00 ns
Instruction        1090: 136770.00 ns
Instruction        1091: 136870.00 ns
Instruction        1092: 136970.00 ns
Instruction        1093: 137170.00 ns
Instruction        1094: 137270.00 ns
Instruction        1095: 137370.00 ns
Instruction        1096: 137470.00 ns
Instruction        1097: 137670.00 ns
Instruction        1098: 137770.00 ns
Instruction        1099: 137870.00 ns
Instruction        1100: 137970.00 ns
Instruction        1101: 138070.00 ns
Instruction        1102: 138210.00 ns
Instruction        1103: 138310.00 ns
Instruction        1104: 138330.00 ns
Instruction        1105: 138350.00 ns
Instruction        1106: 138450.00 ns
Instruction        1107: 138550.00 ns
Instruction        1108: 138570.00 ns
Instruction        1109: 138590.00 ns
Instruction        1110: 138690.00 ns
Instruction        1111: 138790.00 ns
Instruction        1112: 138810.00 ns
Instruction        1113: 138830.00 ns
Instruction        1114: 138950.00 ns
Instruction        1115: 139050.00 ns
Instruction        1116: 139090.00 ns
Instruction        1117: 139110.00 ns
Instruction        1118: 139210.00 ns
Instruction        1119: 139310.00 ns
Instruction        1120: 139350.00 ns
Instruction        1121: 139390.00 ns
Instruction        1122: 139470.00 ns
Instruction        1123: 139570.00 ns
Instruction        1124: 139590.00 ns
Instruction        1125: 139610.00 ns
Instruction        1126: 139710.00 ns
Instruction        1127: 139810.00 ns
Instruction        1128: 139830.00 ns
Instruction        1129: 139850.00 ns
Instruction        1130: 139950.00 ns
Instruction        1131: 140050.00 ns
Instruction        1132: 140090.00 ns
Instruction        1133: 140110.00 ns
Instruction        1134: 140150.00 ns
Instruction        1135: 140170.00 ns
Instruction        1136: 140190.00 ns
Instruction        1137: 140250.00 ns
Instruction        1138: 140290.00 ns
Instruction        1139: 140310.00 ns
Instruction        1140: 140330.00 ns
Instruction        1141: 140390.00 ns
Instruction        1142: 140430.00 ns
Instruction        1143: 140450.00 ns
Instruction        1144: 140470.00 ns
Instruction        1145: 140530.00 ns
Instruction        1146: 140570.00 ns
Instruction        1147: 140590.00 ns
Instruction        1148: 140610.00 ns
Instruction        1149: 140670.00 ns
Instruction        1150: 140710.00 ns
Instruction        1151: 140730.00 ns
Instruction        1152: 140750.00 ns
Instruction        1153: 140810.00 ns
Instruction        1154: 140850.00 ns
Instruction        1155: 140870.00 ns
Instruction        1156: 140890.00 ns
Instruction        1157: 140950.00 ns
Instruction        1158: 140990.00 ns
Instruction        1159: 141010.00 ns
Instruction        1160: 141030.00 ns
Instruction        1161: 141090.00 ns
Instruction        1162: 141130.00 ns
Instruction        1163: 141150.00 ns
Instruction        1164: 141170.00 ns
Instruction        1165: 141230.00 ns
Instruction        1166: 141270.00 ns
Instruction        1167: 141290.00 ns
Instruction        1168: 141310.00 ns
Instruction        1169: 141370.00 ns
Instruction        1170: 141410.00 ns
Instruction        1171: 141430.00 ns
Instruction        1172: 141450.00 ns
Instruction        1173: 141510.00 ns
Instruction        1174: 141550.00 ns
Instruction        1175: 141570.00 ns
Instruction        1176: 141590.00 ns
Instruction        1177: 141650.00 ns
Instruction        1178: 141690.00 ns
Instruction        1179: 141710.00 ns
Instruction        1180: 141730.00 ns
Instruction        1181: 141790.00 ns
Instruction        1182: 141830.00 ns
Instruction        1183: 141850.00 ns
Instruction        1184: 141870.00 ns
Instruction        1185: 141930.00 ns
Instruction        1186: 141970.00 ns
Instruction        1187: 141990.00 ns
Instruction        1188: 142010.00 ns
Instruction        1189: 142070.00 ns
Instruction        1190: 142110.00 ns
Instruction        1191: 142130.00 ns
Instruction        1192: 142150.00 ns
Instruction        1193: 142210.00 ns
Instruction        1194: 142250.00 ns
Instruction        1195: 142270.00 ns
Instruction        1196: 142290.00 ns
Instruction        1197: 142350.00 ns
Instruction        1198: 142390.00 ns
Instruction        1199: 142410.00 ns
Instruction        1200: 142430.00 ns
Instruction        1201: 142490.00 ns
Instruction        1202: 142530.00 ns
Instruction        1203: 142550.00 ns
Instruction        1204: 142570.00 ns
Instruction        1205: 142630.00 ns
Instruction        1206: 142670.00 ns
Instruction        1207: 142690.00 ns
Instruction        1208: 142710.00 ns
Instruction        1209: 142770.00 ns
Instruction        1210: 142810.00 ns
Instruction        1211: 142830.00 ns
Instruction        1212: 142850.00 ns
Instruction        1213: 142910.00 ns
Instruction        1214: 142950.00 ns
Instruction        1215: 142970.00 ns
Instruction        1216: 142990.00 ns
Instruction        1217: 143050.00 ns
Instruction        1218: 143090.00 ns
Instruction        1219: 143110.00 ns
Instruction        1220: 143130.00 ns
Instruction        1221: 143190.00 ns
Instruction        1222: 143230.00 ns
Instruction        1223: 143250.00 ns
Instruction        1224: 143270.00 ns
Instruction        1225: 143330.00 ns
Instruction        1226: 143370.00 ns
Instruction        1227: 143390.00 ns
Instruction        1228: 143410.00 ns
Instruction        1229: 143470.00 ns
Instruction        1230: 143510.00 ns
Instruction        1231: 143530.00 ns
Instruction        1232: 143550.00 ns
Instruction        1233: 143610.00 ns
Instruction        1234: 143650.00 ns
Instruction        1235: 143670.00 ns
Instruction        1236: 143690.00 ns
Instruction        1237: 143750.00 ns
Instruction        1238: 143790.00 ns
Instruction        1239: 143810.00 ns
Instruction        1240: 143830.00 ns
Instruction        1241: 143890.00 ns
Instruction        1242: 143930.00 ns
Instruction        1243: 143950.00 ns
Instruction        1244: 143970.00 ns
Instruction        1245: 144030.00 ns
Instruction        1246: 144070.00 ns
Instruction        1247: 144090.00 ns
Instruction        1248: 144110.00 ns
Instruction        1249: 144170.00 ns
Instruction        1250: 144210.00 ns
Instruction        1251: 144230.00 ns
Instruction        1252: 144250.00 ns
Instruction        1253: 144310.00 ns
Instruction        1254: 144350.00 ns
Instruction        1255: 144370.00 ns
Instruction        1256: 144390.00 ns
Instruction        1257: 144450.00 ns
Instruction        1258: 144490.00 ns
Instruction        1259: 144510.00 ns
Instruction        1260: 144530.00 ns
Instruction        1261: 144590.00 ns
Instruction        1262: 144630.00 ns
Instruction        1263: 144650.00 ns
Instruction        1264: 144670.00 ns
Instruction        1265: 144730.00 ns
Instruction        1266: 144770.00 ns
Instruction        1267: 144790.00 ns
Instruction        1268: 144810.00 ns
Instruction        1269: 144870.00 ns
Instruction        1270: 144910.00 ns
Instruction        1271: 144930.00 ns
Instruction        1272: 144950.00 ns
Instruction        1273: 145010.00 ns
Instruction        1274: 145050.00 ns
Instruction        1275: 145070.00 ns
Instruction        1276: 145090.00 ns
Instruction        1277: 145150.00 ns
Instruction        1278: 145190.00 ns
Instruction        1279: 145210.00 ns
Instruction        1280: 145230.00 ns
Instruction        1281: 145290.00 ns
Instruction        1282: 145330.00 ns
Instruction        1283: 145350.00 ns
Instruction        1284: 145370.00 ns
Instruction        1285: 145430.00 ns
Instruction        1286: 145470.00 ns
Instruction        1287: 145490.00 ns
Instruction        1288: 145510.00 ns
Instruction        1289: 145570.00 ns
Instruction        1290: 145610.00 ns
Instruction        1291: 145630.00 ns
Instruction        1292: 145650.00 ns
Instruction        1293: 145710.00 ns
Instruction        1294: 145750.00 ns
Instruction        1295: 145770.00 ns
Instruction        1296: 145790.00 ns
Instruction        1297: 145850.00 ns
Instruction        1298: 145890.00 ns
Instruction        1299: 145910.00 ns
Instruction        1300: 145930.00 ns
Instruction        1301: 145990.00 ns
Instruction        1302: 146030.00 ns
Instruction        1303: 146050.00 ns
Instruction        1304: 146070.00 ns
Instruction        1305: 146130.00 ns
Instruction        1306: 146170.00 ns
Instruction        1307: 146190.00 ns
Instruction        1308: 146210.00 ns
Instruction        1309: 146270.00 ns
Instruction        1310: 146310.00 ns
Instruction        1311: 146330.00 ns
Instruction        1312: 146350.00 ns
Instruction        1313: 146410.00 ns
Instruction        1314: 146450.00 ns
Instruction        1315: 146470.00 ns
Instruction        1316: 146490.00 ns
Instruction        1317: 146550.00 ns
Instruction        1318: 146590.00 ns
Instruction        1319: 146610.00 ns
Instruction        1320: 146630.00 ns
Instruction        1321: 146690.00 ns
Instruction        1322: 146730.00 ns
Instruction        1323: 146750.00 ns
Instruction        1324: 146770.00 ns
Instruction        1325: 146830.00 ns
Instruction        1326: 146870.00 ns
Instruction        1327: 146890.00 ns
Instruction        1328: 146910.00 ns
Instruction        1329: 146970.00 ns
Instruction        1330: 147010.00 ns
Instruction        1331: 147030.00 ns
Instruction        1332: 147050.00 ns
Instruction        1333: 147110.00 ns
Instruction        1334: 147150.00 ns
Instruction        1335: 147170.00 ns
Instruction        1336: 147190.00 ns
Instruction        1337: 147250.00 ns
Instruction        1338: 147290.00 ns
Instruction        1339: 147310.00 ns
Instruction        1340: 147330.00 ns
Instruction        1341: 147390.00 ns
Instruction        1342: 147430.00 ns
Instruction        1343: 147450.00 ns
Instruction        1344: 147470.00 ns
Instruction        1345: 147530.00 ns
Instruction        1346: 147570.00 ns
Instruction        1347: 147590.00 ns
Instruction        1348: 147610.00 ns
Instruction        1349: 147670.00 ns
Instruction        1350: 147710.00 ns
Instruction        1351: 147730.00 ns
Instruction        1352: 147750.00 ns
Instruction        1353: 147810.00 ns
Instruction        1354: 147850.00 ns
Instruction        1355: 147870.00 ns
Instruction        1356: 147890.00 ns
Instruction        1357: 147950.00 ns
Instruction        1358: 147990.00 ns
Instruction        1359: 148010.00 ns
Instruction        1360: 148030.00 ns
Instruction        1361: 148090.00 ns
Instruction        1362: 148130.00 ns
Instruction        1363: 148150.00 ns
Instruction        1364: 148170.00 ns
Instruction        1365: 148230.00 ns
Instruction        1366: 148270.00 ns
Instruction        1367: 148290.00 ns
Instruction        1368: 148310.00 ns
Instruction        1369: 148370.00 ns
Instruction        1370: 148410.00 ns
Instruction        1371: 148430.00 ns
Instruction        1372: 148450.00 ns
Instruction        1373: 148510.00 ns
Instruction        1374: 148550.00 ns
Instruction        1375: 148570.00 ns
Instruction        1376: 148590.00 ns
Instruction        1377: 148650.00 ns
Instruction        1378: 148690.00 ns
Instruction        1379: 148710.00 ns
Instruction        1380: 148730.00 ns
Instruction        1381: 148790.00 ns
Instruction        1382: 148830.00 ns
Instruction        1383: 148850.00 ns
Instruction        1384: 148870.00 ns
Instruction        1385: 148930.00 ns
Instruction        1386: 148970.00 ns
Instruction        1387: 148990.00 ns
Instruction        1388: 149010.00 ns
Instruction        1389: 149070.00 ns
Instruction        1390: 149110.00 ns
Instruction        1391: 149130.00 ns
Instruction        1392: 149150.00 ns
Instruction        1393: 149210.00 ns
Instruction        1394: 149250.00 ns
Instruction        1395: 149270.00 ns
Instruction        1396: 149290.00 ns
Instruction        1397: 149350.00 ns
Instruction        1398: 149390.00 ns
Instruction        1399: 149410.00 ns
Instruction        1400: 149430.00 ns
Instruction        1401: 149490.00 ns
Instruction        1402: 149530.00 ns
Instruction        1403: 149550.00 ns
Instruction        1404: 149570.00 ns
Instruction        1405: 149630.00 ns
Instruction        1406: 149670.00 ns
Instruction        1407: 149690.00 ns
Instruction        1408: 149710.00 ns
Instruction        1409: 149770.00 ns
Instruction        1410: 149810.00 ns
Instruction        1411: 149830.00 ns
Instruction        1412: 149850.00 ns
Instruction        1413: 149910.00 ns
Instruction        1414: 149950.00 ns
Instruction        1415: 149970.00 ns
Instruction        1416: 149990.00 ns
Instruction        1417: 150050.00 ns
Instruction        1418: 150090.00 ns
Instruction        1419: 150110.00 ns
Instruction        1420: 150130.00 ns
Instruction        1421: 150190.00 ns
Instruction        1422: 150230.00 ns
Instruction        1423: 150250.00 ns
Instruction        1424: 150270.00 ns
Instruction        1425: 150330.00 ns
Instruction        1426: 150370.00 ns
Instruction        1427: 150390.00 ns
Instruction        1428: 150410.00 ns
Instruction        1429: 150470.00 ns
Instruction        1430: 150510.00 ns
Instruction        1431: 150530.00 ns
Instruction        1432: 150550.00 ns
Instruction        1433: 150610.00 ns
Instruction        1434: 150650.00 ns
Instruction        1435: 150670.00 ns
Instruction        1436: 150690.00 ns
Instruction        1437: 150750.00 ns
Instruction        1438: 150790.00 ns
Instruction        1439: 150810.00 ns
Instruction        1440: 150830.00 ns
Instruction        1441: 150890.00 ns
Instruction        1442: 150930.00 ns
Instruction        1443: 150950.00 ns
Instruction        1444: 150970.00 ns
Instruction        1445: 151030.00 ns
Instruction        1446: 151070.00 ns
Instruction        1447: 151090.00 ns
Instruction        1448: 151110.00 ns
Instruction        1449: 151170.00 ns
Instruction        1450: 151210.00 ns
Instruction        1451: 151230.00 ns
Instruction        1452: 151250.00 ns
Instruction        1453: 151310.00 ns
Instruction        1454: 151350.00 ns
Instruction        1455: 151370.00 ns
Instruction        1456: 151390.00 ns
Instruction        1457: 151450.00 ns
Instruction        1458: 151490.00 ns
Instruction        1459: 151510.00 ns
Instruction        1460: 151530.00 ns
Instruction        1461: 151590.00 ns
Instruction        1462: 151630.00 ns
Instruction        1463: 151650.00 ns
Instruction        1464: 151670.00 ns
Instruction        1465: 151730.00 ns
Instruction        1466: 151770.00 ns
Instruction        1467: 151790.00 ns
Instruction        1468: 151810.00 ns
Instruction        1469: 151870.00 ns
Instruction        1470: 151910.00 ns
Instruction        1471: 151930.00 ns
Instruction        1472: 151950.00 ns
Instruction        1473: 152010.00 ns
Instruction        1474: 152050.00 ns
Instruction        1475: 152070.00 ns
Instruction        1476: 152090.00 ns
Instruction        1477: 152150.00 ns
Instruction        1478: 152190.00 ns
Instruction        1479: 152210.00 ns
Instruction        1480: 152230.00 ns
Instruction        1481: 152290.00 ns
Instruction        1482: 152330.00 ns
Instruction        1483: 152350.00 ns
Instruction        1484: 152370.00 ns
Instruction        1485: 152430.00 ns
Instruction        1486: 152470.00 ns
Instruction        1487: 152490.00 ns
Instruction        1488: 152510.00 ns
Instruction        1489: 152570.00 ns
Instruction        1490: 152610.00 ns
Instruction        1491: 152630.00 ns
Instruction        1492: 152650.00 ns
Instruction        1493: 152710.00 ns
Instruction        1494: 152750.00 ns
Instruction        1495: 152770.00 ns
Instruction        1496: 152790.00 ns
Instruction        1497: 152850.00 ns
Instruction        1498: 152890.00 ns
Instruction        1499: 152910.00 ns
Instruction        1500: 152930.00 ns
Instruction        1501: 152990.00 ns
Instruction        1502: 153030.00 ns
Instruction        1503: 153050.00 ns
Instruction        1504: 153070.00 ns
Instruction        1505: 153130.00 ns
Instruction        1506: 153170.00 ns
Instruction        1507: 153190.00 ns
Instruction        1508: 153210.00 ns
Instruction        1509: 153270.00 ns
Instruction        1510: 153310.00 ns
Instruction        1511: 153330.00 ns
Instruction        1512: 153350.00 ns
Instruction        1513: 153410.00 ns
Instruction        1514: 153450.00 ns
Instruction        1515: 153470.00 ns
Instruction        1516: 153490.00 ns
Instruction        1517: 153550.00 ns
Instruction        1518: 153590.00 ns
Instruction        1519: 153610.00 ns
Instruction        1520: 153630.00 ns
Instruction        1521: 153690.00 ns
Instruction        1522: 153730.00 ns
Instruction        1523: 153750.00 ns
Instruction        1524: 153770.00 ns
Instruction        1525: 153830.00 ns
Instruction        1526: 153870.00 ns
Instruction        1527: 153890.00 ns
Instruction        1528: 153910.00 ns
Instruction        1529: 153970.00 ns
Instruction        1530: 154010.00 ns
Instruction        1531: 154030.00 ns
Instruction        1532: 154050.00 ns
Instruction        1533: 154110.00 ns
Instruction        1534: 154150.00 ns
Instruction        1535: 154170.00 ns
Instruction        1536: 154190.00 ns
Instruction        1537: 154250.00 ns
Instruction        1538: 154290.00 ns
Instruction        1539: 154310.00 ns
Instruction        1540: 154330.00 ns
Instruction        1541: 154390.00 ns
Instruction        1542: 154430.00 ns
Instruction        1543: 154450.00 ns
Instruction        1544: 154470.00 ns
Instruction        1545: 154530.00 ns
Instruction        1546: 154570.00 ns
Instruction        1547: 154590.00 ns
Instruction        1548: 154610.00 ns
Instruction        1549: 154670.00 ns
Instruction        1550: 154710.00 ns
Instruction        1551: 154730.00 ns
Instruction        1552: 154750.00 ns
Instruction        1553: 154810.00 ns
Instruction        1554: 154850.00 ns
Instruction        1555: 154870.00 ns
Instruction        1556: 154890.00 ns
Instruction        1557: 154950.00 ns
Instruction        1558: 154990.00 ns
Instruction        1559: 155010.00 ns
Instruction        1560: 155030.00 ns
Instruction        1561: 155090.00 ns
Instruction        1562: 155130.00 ns
Instruction        1563: 155150.00 ns
Instruction        1564: 155170.00 ns
Instruction        1565: 155230.00 ns
Instruction        1566: 155270.00 ns
Instruction        1567: 155290.00 ns
Instruction        1568: 155310.00 ns
Instruction        1569: 155370.00 ns
Instruction        1570: 155410.00 ns
Instruction        1571: 155430.00 ns
Instruction        1572: 155450.00 ns
Instruction        1573: 155510.00 ns
Instruction        1574: 155550.00 ns
Instruction        1575: 155570.00 ns
Instruction        1576: 155590.00 ns
Instruction        1577: 155650.00 ns
Instruction        1578: 155690.00 ns
Instruction        1579: 155710.00 ns
Instruction        1580: 155730.00 ns
Instruction        1581: 155790.00 ns
Instruction        1582: 155830.00 ns
Instruction        1583: 155850.00 ns
Instruction        1584: 155870.00 ns
Instruction        1585: 155930.00 ns
Instruction        1586: 155970.00 ns
Instruction        1587: 155990.00 ns
Instruction        1588: 156010.00 ns
Instruction        1589: 156070.00 ns
Instruction        1590: 156110.00 ns
Instruction        1591: 156130.00 ns
Instruction        1592: 156150.00 ns
Instruction        1593: 156210.00 ns
Instruction        1594: 156250.00 ns
Instruction        1595: 156270.00 ns
Instruction        1596: 156290.00 ns
Instruction        1597: 156350.00 ns
Instruction        1598: 156390.00 ns
Instruction        1599: 156410.00 ns
Instruction        1600: 156430.00 ns
Instruction        1601: 156490.00 ns
Instruction        1602: 156530.00 ns
Instruction        1603: 156550.00 ns
Instruction        1604: 156570.00 ns
Instruction        1605: 156630.00 ns
Instruction        1606: 156670.00 ns
Instruction        1607: 156690.00 ns
Instruction        1608: 156710.00 ns
Instruction        1609: 156770.00 ns
Instruction        1610: 156810.00 ns
Instruction        1611: 156830.00 ns
Instruction        1612: 156850.00 ns
Instruction        1613: 156910.00 ns
Instruction        1614: 156950.00 ns
Instruction        1615: 156970.00 ns
Instruction        1616: 156990.00 ns
Instruction        1617: 157050.00 ns
Instruction        1618: 157090.00 ns
Instruction        1619: 157110.00 ns
Instruction        1620: 157130.00 ns
Instruction        1621: 157190.00 ns
Instruction        1622: 157230.00 ns
Instruction        1623: 157250.00 ns
Instruction        1624: 157270.00 ns
Instruction        1625: 157330.00 ns
Instruction        1626: 157370.00 ns
Instruction        1627: 157390.00 ns
Instruction        1628: 157410.00 ns
Instruction        1629: 157470.00 ns
Instruction        1630: 157510.00 ns
Instruction        1631: 157530.00 ns
Instruction        1632: 157550.00 ns
Instruction        1633: 157610.00 ns
Instruction        1634: 157650.00 ns
Instruction        1635: 157670.00 ns
Instruction        1636: 157690.00 ns
Instruction        1637: 157750.00 ns
Instruction        1638: 157790.00 ns
Instruction        1639: 157810.00 ns
Instruction        1640: 157830.00 ns
Instruction        1641: 157890.00 ns
Instruction        1642: 157930.00 ns
Instruction        1643: 157950.00 ns
Instruction        1644: 157970.00 ns
Instruction        1645: 158030.00 ns
Instruction        1646: 158070.00 ns
Instruction        1647: 158090.00 ns
Instruction        1648: 158110.00 ns
Instruction        1649: 158170.00 ns
Instruction        1650: 158210.00 ns
Instruction        1651: 158230.00 ns
Instruction        1652: 158250.00 ns
Instruction        1653: 158310.00 ns
Instruction        1654: 158350.00 ns
Instruction        1655: 158370.00 ns
Instruction        1656: 158390.00 ns
Instruction        1657: 158450.00 ns
Instruction        1658: 158490.00 ns
Instruction        1659: 158510.00 ns
Instruction        1660: 158530.00 ns
Instruction        1661: 158590.00 ns
Instruction        1662: 158630.00 ns
Instruction        1663: 158650.00 ns
Instruction        1664: 158670.00 ns
Instruction        1665: 158730.00 ns
Instruction        1666: 158770.00 ns
Instruction        1667: 158790.00 ns
Instruction        1668: 158810.00 ns
Instruction        1669: 158870.00 ns
Instruction        1670: 158910.00 ns
Instruction        1671: 158930.00 ns
Instruction        1672: 158950.00 ns
Instruction        1673: 159010.00 ns
Instruction        1674: 159050.00 ns
Instruction        1675: 159070.00 ns
Instruction        1676: 159090.00 ns
Instruction        1677: 159150.00 ns
Instruction        1678: 159190.00 ns
Instruction        1679: 159210.00 ns
Instruction        1680: 159230.00 ns
Instruction        1681: 159290.00 ns
Instruction        1682: 159330.00 ns
Instruction        1683: 159350.00 ns
Instruction        1684: 159370.00 ns
Instruction        1685: 159430.00 ns
Instruction        1686: 159470.00 ns
Instruction        1687: 159490.00 ns
Instruction        1688: 159510.00 ns
Instruction        1689: 159570.00 ns
Instruction        1690: 159610.00 ns
Instruction        1691: 159630.00 ns
Instruction        1692: 159650.00 ns
Instruction        1693: 159710.00 ns
Instruction        1694: 159750.00 ns
Instruction        1695: 159770.00 ns
Instruction        1696: 159790.00 ns
Instruction        1697: 159850.00 ns
Instruction        1698: 159890.00 ns
Instruction        1699: 159910.00 ns
Instruction        1700: 159930.00 ns
Instruction        1701: 159990.00 ns
Instruction        1702: 160030.00 ns
Instruction        1703: 160050.00 ns
Instruction        1704: 160070.00 ns
Instruction        1705: 160130.00 ns
Instruction        1706: 160170.00 ns
Instruction        1707: 160190.00 ns
Instruction        1708: 160210.00 ns
Instruction        1709: 160270.00 ns
Instruction        1710: 160310.00 ns
Instruction        1711: 160330.00 ns
Instruction        1712: 160350.00 ns
Instruction        1713: 160410.00 ns
Instruction        1714: 160450.00 ns
Instruction        1715: 160470.00 ns
Instruction        1716: 160490.00 ns
Instruction        1717: 160550.00 ns
Instruction        1718: 160590.00 ns
Instruction        1719: 160610.00 ns
Instruction        1720: 160630.00 ns
Instruction        1721: 160690.00 ns
Instruction        1722: 160730.00 ns
Instruction        1723: 160750.00 ns
Instruction        1724: 160770.00 ns
Instruction        1725: 160830.00 ns
Instruction        1726: 160870.00 ns
Instruction        1727: 160890.00 ns
Instruction        1728: 160910.00 ns
Instruction        1729: 160970.00 ns
Instruction        1730: 161010.00 ns
Instruction        1731: 161030.00 ns
Instruction        1732: 161050.00 ns
Instruction        1733: 161110.00 ns
Instruction        1734: 161150.00 ns
Instruction        1735: 161170.00 ns
Instruction        1736: 161190.00 ns
Instruction        1737: 161250.00 ns
Instruction        1738: 161290.00 ns
Instruction        1739: 161310.00 ns
Instruction        1740: 161330.00 ns
Instruction        1741: 161390.00 ns
Instruction        1742: 161430.00 ns
Instruction        1743: 161450.00 ns
Instruction        1744: 161470.00 ns
Instruction        1745: 161530.00 ns
Instruction        1746: 161570.00 ns
Instruction        1747: 161590.00 ns
Instruction        1748: 161610.00 ns
Instruction        1749: 161670.00 ns
Instruction        1750: 161710.00 ns
Instruction        1751: 161730.00 ns
Instruction        1752: 161750.00 ns
Instruction        1753: 161810.00 ns
Instruction        1754: 161850.00 ns
Instruction        1755: 161870.00 ns
Instruction        1756: 161890.00 ns
Instruction        1757: 161950.00 ns
Instruction        1758: 161990.00 ns
Instruction        1759: 162010.00 ns
Instruction        1760: 162030.00 ns
Instruction        1761: 162090.00 ns
Instruction        1762: 162130.00 ns
Instruction        1763: 162150.00 ns
Instruction        1764: 162170.00 ns
Instruction        1765: 162230.00 ns
Instruction        1766: 162270.00 ns
Instruction        1767: 162290.00 ns
Instruction        1768: 162310.00 ns
Instruction        1769: 162370.00 ns
Instruction        1770: 162410.00 ns
Instruction        1771: 162430.00 ns
Instruction        1772: 162450.00 ns
Instruction        1773: 162510.00 ns
Instruction        1774: 162550.00 ns
Instruction        1775: 162570.00 ns
Instruction        1776: 162590.00 ns
Instruction        1777: 162650.00 ns
Instruction        1778: 162690.00 ns
Instruction        1779: 162710.00 ns
Instruction        1780: 162730.00 ns
Instruction        1781: 162790.00 ns
Instruction        1782: 162830.00 ns
Instruction        1783: 162850.00 ns
Instruction        1784: 162870.00 ns
Instruction        1785: 162930.00 ns
Instruction        1786: 162970.00 ns
Instruction        1787: 162990.00 ns
Instruction        1788: 163010.00 ns
Instruction        1789: 163070.00 ns
Instruction        1790: 163110.00 ns
Instruction        1791: 163130.00 ns
Instruction        1792: 163150.00 ns
Instruction        1793: 163210.00 ns
Instruction        1794: 163250.00 ns
Instruction        1795: 163270.00 ns
Instruction        1796: 163290.00 ns
Instruction        1797: 163350.00 ns
Instruction        1798: 163390.00 ns
Instruction        1799: 163410.00 ns
Instruction        1800: 163430.00 ns
Instruction        1801: 163490.00 ns
Instruction        1802: 163530.00 ns
Instruction        1803: 163550.00 ns
Instruction        1804: 163570.00 ns
Instruction        1805: 163630.00 ns
Instruction        1806: 163670.00 ns
Instruction        1807: 163690.00 ns
Instruction        1808: 163710.00 ns
Instruction        1809: 163770.00 ns
Instruction        1810: 163810.00 ns
Instruction        1811: 163830.00 ns
Instruction        1812: 163850.00 ns
Instruction        1813: 163910.00 ns
Instruction        1814: 163950.00 ns
Instruction        1815: 163970.00 ns
Instruction        1816: 163990.00 ns
Instruction        1817: 164050.00 ns
Instruction        1818: 164090.00 ns
Instruction        1819: 164110.00 ns
Instruction        1820: 164130.00 ns
Instruction        1821: 164190.00 ns
Instruction        1822: 164230.00 ns
Instruction        1823: 164250.00 ns
Instruction        1824: 164270.00 ns
Instruction        1825: 164330.00 ns
Instruction        1826: 164370.00 ns
Instruction        1827: 164390.00 ns
Instruction        1828: 164410.00 ns
Instruction        1829: 164470.00 ns
Instruction        1830: 164510.00 ns
Instruction        1831: 164530.00 ns
Instruction        1832: 164550.00 ns
Instruction        1833: 164610.00 ns
Instruction        1834: 164650.00 ns
Instruction        1835: 164670.00 ns
Instruction        1836: 164690.00 ns
Instruction        1837: 164750.00 ns
Instruction        1838: 164790.00 ns
Instruction        1839: 164810.00 ns
Instruction        1840: 164830.00 ns
Instruction        1841: 164890.00 ns
Instruction        1842: 164930.00 ns
Instruction        1843: 164950.00 ns
Instruction        1844: 164970.00 ns
Instruction        1845: 165030.00 ns
Instruction        1846: 165070.00 ns
Instruction        1847: 165090.00 ns
Instruction        1848: 165110.00 ns
Instruction        1849: 165170.00 ns
Instruction        1850: 165210.00 ns
Instruction        1851: 165230.00 ns
Instruction        1852: 165250.00 ns
Instruction        1853: 165310.00 ns
Instruction        1854: 165350.00 ns
Instruction        1855: 165370.00 ns
Instruction        1856: 165390.00 ns
Instruction        1857: 165450.00 ns
Instruction        1858: 165490.00 ns
Instruction        1859: 165510.00 ns
Instruction        1860: 165530.00 ns
Instruction        1861: 165590.00 ns
Instruction        1862: 165630.00 ns
Instruction        1863: 165650.00 ns
Instruction        1864: 165670.00 ns
Instruction        1865: 165730.00 ns
Instruction        1866: 165770.00 ns
Instruction        1867: 165790.00 ns
Instruction        1868: 165810.00 ns
Instruction        1869: 165870.00 ns
Instruction        1870: 165910.00 ns
Instruction        1871: 165930.00 ns
Instruction        1872: 165950.00 ns
Instruction        1873: 166010.00 ns
Instruction        1874: 166050.00 ns
Instruction        1875: 166070.00 ns
Instruction        1876: 166090.00 ns
Instruction        1877: 166150.00 ns
Instruction        1878: 166190.00 ns
Instruction        1879: 166210.00 ns
Instruction        1880: 166230.00 ns
Instruction        1881: 166290.00 ns
Instruction        1882: 166330.00 ns
Instruction        1883: 166350.00 ns
Instruction        1884: 166370.00 ns
Instruction        1885: 166430.00 ns
Instruction        1886: 166470.00 ns
Instruction        1887: 166490.00 ns
Instruction        1888: 166510.00 ns
Instruction        1889: 166570.00 ns
Instruction        1890: 166610.00 ns
Instruction        1891: 166630.00 ns
Instruction        1892: 166650.00 ns
Instruction        1893: 166710.00 ns
Instruction        1894: 166750.00 ns
Instruction        1895: 166770.00 ns
Instruction        1896: 166790.00 ns
Instruction        1897: 166850.00 ns
Instruction        1898: 166890.00 ns
Instruction        1899: 166910.00 ns
Instruction        1900: 166930.00 ns
Instruction        1901: 166990.00 ns
Instruction        1902: 167030.00 ns
Instruction        1903: 167050.00 ns
Instruction        1904: 167070.00 ns
Instruction        1905: 167130.00 ns
Instruction        1906: 167170.00 ns
Instruction        1907: 167190.00 ns
Instruction        1908: 167210.00 ns
Instruction        1909: 167270.00 ns
Instruction        1910: 167310.00 ns
Instruction        1911: 167330.00 ns
Instruction        1912: 167350.00 ns
Instruction        1913: 167410.00 ns
Instruction        1914: 167450.00 ns
Instruction        1915: 167470.00 ns
Instruction        1916: 167490.00 ns
Instruction        1917: 167550.00 ns
Instruction        1918: 167590.00 ns
Instruction        1919: 167610.00 ns
Instruction        1920: 167630.00 ns
Instruction        1921: 167690.00 ns
Instruction        1922: 167730.00 ns
Instruction        1923: 167750.00 ns
Instruction        1924: 167770.00 ns
Instruction        1925: 167830.00 ns
Instruction        1926: 167870.00 ns
Instruction        1927: 167890.00 ns
Instruction        1928: 167910.00 ns
Instruction        1929: 167970.00 ns
Instruction        1930: 168010.00 ns
Instruction        1931: 168030.00 ns
Instruction        1932: 168050.00 ns
Instruction        1933: 168110.00 ns
Instruction        1934: 168150.00 ns
Instruction        1935: 168170.00 ns
Instruction        1936: 168190.00 ns
Instruction        1937: 168250.00 ns
Instruction        1938: 168290.00 ns
Instruction        1939: 168310.00 ns
Instruction        1940: 168330.00 ns
Instruction        1941: 168390.00 ns
Instruction        1942: 168430.00 ns
Instruction        1943: 168450.00 ns
Instruction        1944: 168470.00 ns
Instruction        1945: 168530.00 ns
Instruction        1946: 168570.00 ns
Instruction        1947: 168590.00 ns
Instruction        1948: 168610.00 ns
Instruction        1949: 168670.00 ns
Instruction        1950: 168710.00 ns
Instruction        1951: 168730.00 ns
Instruction        1952: 168750.00 ns
Instruction        1953: 168810.00 ns
Instruction        1954: 168850.00 ns
Instruction        1955: 168870.00 ns
Instruction        1956: 168890.00 ns
Instruction        1957: 168950.00 ns
Instruction        1958: 168990.00 ns
Instruction        1959: 169010.00 ns
Instruction        1960: 169030.00 ns
Instruction        1961: 169090.00 ns
Instruction        1962: 169130.00 ns
Instruction        1963: 169150.00 ns
Instruction        1964: 169170.00 ns
Instruction        1965: 169230.00 ns
Instruction        1966: 169270.00 ns
Instruction        1967: 169290.00 ns
Instruction        1968: 169310.00 ns
Instruction        1969: 169370.00 ns
Instruction        1970: 169410.00 ns
Instruction        1971: 169430.00 ns
Instruction        1972: 169450.00 ns
Instruction        1973: 169510.00 ns
Instruction        1974: 169550.00 ns
Instruction        1975: 169570.00 ns
Instruction        1976: 169590.00 ns
Instruction        1977: 169650.00 ns
Instruction        1978: 169690.00 ns
Instruction        1979: 169710.00 ns
Instruction        1980: 169730.00 ns
Instruction        1981: 169790.00 ns
Instruction        1982: 169830.00 ns
Instruction        1983: 169850.00 ns
Instruction        1984: 169870.00 ns
Instruction        1985: 169930.00 ns
Instruction        1986: 169970.00 ns
Instruction        1987: 169990.00 ns
Instruction        1988: 170010.00 ns
Instruction        1989: 170070.00 ns
Instruction        1990: 170110.00 ns
Instruction        1991: 170130.00 ns
Instruction        1992: 170150.00 ns
Instruction        1993: 170210.00 ns
Instruction        1994: 170250.00 ns
Instruction        1995: 170270.00 ns
Instruction        1996: 170290.00 ns
Instruction        1997: 170350.00 ns
Instruction        1998: 170390.00 ns
Instruction        1999: 170410.00 ns
Instruction        2000: 170430.00 ns
Instruction        2001: 170490.00 ns
Instruction        2002: 170530.00 ns
Instruction        2003: 170550.00 ns
Instruction        2004: 170570.00 ns
Instruction        2005: 170630.00 ns
Instruction        2006: 170670.00 ns
Instruction        2007: 170690.00 ns
Instruction        2008: 170710.00 ns
Instruction        2009: 170770.00 ns
Instruction        2010: 170810.00 ns
Instruction        2011: 170830.00 ns
Instruction        2012: 170850.00 ns
Instruction        2013: 170910.00 ns
Instruction        2014: 170950.00 ns
Instruction        2015: 170970.00 ns
Instruction        2016: 170990.00 ns
Instruction        2017: 171050.00 ns
Instruction        2018: 171090.00 ns
Instruction        2019: 171110.00 ns
Instruction        2020: 171130.00 ns
Instruction        2021: 171190.00 ns
Instruction        2022: 171230.00 ns
Instruction        2023: 171250.00 ns
Instruction        2024: 171270.00 ns
Instruction        2025: 171330.00 ns
Instruction        2026: 171370.00 ns
Instruction        2027: 171390.00 ns
Instruction        2028: 171410.00 ns
Instruction        2029: 171470.00 ns
Instruction        2030: 171510.00 ns
Instruction        2031: 171530.00 ns
Instruction        2032: 171550.00 ns
Instruction        2033: 171610.00 ns
Instruction        2034: 171650.00 ns
Instruction        2035: 171670.00 ns
Instruction        2036: 171690.00 ns
Instruction        2037: 171750.00 ns
Instruction        2038: 171790.00 ns
Instruction        2039: 171810.00 ns
Instruction        2040: 171830.00 ns
Instruction        2041: 171890.00 ns
Instruction        2042: 171930.00 ns
Instruction        2043: 171950.00 ns
Instruction        2044: 171970.00 ns
Instruction        2045: 172030.00 ns
Instruction        2046: 172070.00 ns
Instruction        2047: 172090.00 ns
Instruction        2048: 172110.00 ns
Instruction        2049: 172170.00 ns
Instruction        2050: 172210.00 ns
Instruction        2051: 172230.00 ns
Instruction        2052: 172250.00 ns
Instruction        2053: 172310.00 ns
Instruction        2054: 172350.00 ns
Instruction        2055: 172370.00 ns
Instruction        2056: 172390.00 ns
Instruction        2057: 172450.00 ns
Instruction        2058: 172490.00 ns
Instruction        2059: 172510.00 ns
Instruction        2060: 172530.00 ns
Instruction        2061: 172590.00 ns
Instruction        2062: 172630.00 ns
Instruction        2063: 172650.00 ns
Instruction        2064: 172670.00 ns
Instruction        2065: 172730.00 ns
Instruction        2066: 172770.00 ns
Instruction        2067: 172790.00 ns
Instruction        2068: 172810.00 ns
Instruction        2069: 172870.00 ns
Instruction        2070: 172910.00 ns
Instruction        2071: 172930.00 ns
Instruction        2072: 172950.00 ns
Instruction        2073: 173010.00 ns
Instruction        2074: 173050.00 ns
Instruction        2075: 173070.00 ns
Instruction        2076: 173090.00 ns
Instruction        2077: 173150.00 ns
Instruction        2078: 173190.00 ns
Instruction        2079: 173210.00 ns
Instruction        2080: 173230.00 ns
Instruction        2081: 173290.00 ns
Instruction        2082: 173330.00 ns
Instruction        2083: 173350.00 ns
Instruction        2084: 173370.00 ns
Instruction        2085: 173430.00 ns
Instruction        2086: 173470.00 ns
Instruction        2087: 173490.00 ns
Instruction        2088: 173510.00 ns
Instruction        2089: 173570.00 ns
Instruction        2090: 173610.00 ns
Instruction        2091: 173630.00 ns
Instruction        2092: 173650.00 ns
Instruction        2093: 173710.00 ns
Instruction        2094: 173750.00 ns
Instruction        2095: 173770.00 ns
Instruction        2096: 173790.00 ns
Instruction        2097: 173850.00 ns
Instruction        2098: 173890.00 ns
Instruction        2099: 173910.00 ns
Instruction        2100: 173930.00 ns
Instruction        2101: 173990.00 ns
Instruction        2102: 174030.00 ns
Instruction        2103: 174050.00 ns
Instruction        2104: 174070.00 ns
Instruction        2105: 174130.00 ns
Instruction        2106: 174170.00 ns
Instruction        2107: 174190.00 ns
Instruction        2108: 174210.00 ns
Instruction        2109: 174270.00 ns
Instruction        2110: 174310.00 ns
Instruction        2111: 174330.00 ns
Instruction        2112: 174350.00 ns
Instruction        2113: 174410.00 ns
Instruction        2114: 174450.00 ns
Instruction        2115: 174470.00 ns
Instruction        2116: 174490.00 ns
Instruction        2117: 174550.00 ns
Instruction        2118: 174590.00 ns
Instruction        2119: 174610.00 ns
Instruction        2120: 174630.00 ns
Instruction        2121: 174690.00 ns
Instruction        2122: 174730.00 ns
Instruction        2123: 174750.00 ns
Instruction        2124: 174770.00 ns
Instruction        2125: 174830.00 ns
Instruction        2126: 174870.00 ns
Instruction        2127: 174890.00 ns
Instruction        2128: 174910.00 ns
Instruction        2129: 174970.00 ns
Instruction        2130: 175010.00 ns
Instruction        2131: 175030.00 ns
Instruction        2132: 175050.00 ns
Instruction        2133: 175110.00 ns
Instruction        2134: 175150.00 ns
Instruction        2135: 175170.00 ns
Instruction        2136: 175190.00 ns
Instruction        2137: 175250.00 ns
Instruction        2138: 175290.00 ns
Instruction        2139: 175310.00 ns
Instruction        2140: 175330.00 ns
Instruction        2141: 175390.00 ns
Instruction        2142: 175430.00 ns
Instruction        2143: 175450.00 ns
Instruction        2144: 175470.00 ns
Instruction        2145: 175530.00 ns
Instruction        2146: 175570.00 ns
Instruction        2147: 175590.00 ns
Instruction        2148: 175610.00 ns
Instruction        2149: 175670.00 ns
Instruction        2150: 175710.00 ns
Instruction        2151: 175730.00 ns
Instruction        2152: 175750.00 ns
Instruction        2153: 175810.00 ns
Instruction        2154: 175850.00 ns
Instruction        2155: 175870.00 ns
Instruction        2156: 175890.00 ns
Instruction        2157: 175950.00 ns
Instruction        2158: 176070.00 ns
Instruction        2159: 176170.00 ns
Instruction        2160: 176210.00 ns
Instruction        2161: 176230.00 ns
Instruction        2162: 176330.00 ns
Instruction        2163: 176510.00 ns
Instruction        2164: 176610.00 ns
Instruction        2165: 176710.00 ns
Instruction        2166: 176830.00 ns
Instruction        2167: 176850.00 ns
Instruction        2168: 176950.00 ns
Instruction        2169: 177090.00 ns
Instruction        2170: 177110.00 ns
Instruction        2171: 177150.00 ns
Instruction        2172: 177170.00 ns
Instruction        2173: 177190.00 ns
Instruction        2174: 177330.00 ns
Instruction        2175: 177370.00 ns
Instruction        2176: 177390.00 ns
Instruction        2177: 177410.00 ns
Instruction        2178: 177550.00 ns
Instruction        2179: 177590.00 ns
Instruction        2180: 177610.00 ns
Instruction        2181: 177630.00 ns
Instruction        2182: 177770.00 ns
Instruction        2183: 177810.00 ns
Instruction        2184: 177830.00 ns
Instruction        2185: 177850.00 ns
Instruction        2186: 177990.00 ns
Instruction        2187: 178030.00 ns
Instruction        2188: 178050.00 ns
Instruction        2189: 178070.00 ns
Instruction        2190: 178210.00 ns
Instruction        2191: 178250.00 ns
Instruction        2192: 178270.00 ns
Instruction        2193: 178290.00 ns
Instruction        2194: 178430.00 ns
Instruction        2195: 178470.00 ns
Instruction        2196: 178490.00 ns
Instruction        2197: 178510.00 ns
Instruction        2198: 178650.00 ns
Instruction        2199: 178690.00 ns
Instruction        2200: 178710.00 ns
Instruction        2201: 178730.00 ns
Instruction        2202: 178870.00 ns
Instruction        2203: 178910.00 ns
Instruction        2204: 178930.00 ns
Instruction        2205: 178950.00 ns
Instruction        2206: 179090.00 ns
Instruction        2207: 179130.00 ns
Instruction        2208: 179150.00 ns
Instruction        2209: 179170.00 ns
Instruction        2210: 179310.00 ns
Instruction        2211: 179350.00 ns
Instruction        2212: 179370.00 ns
Instruction        2213: 179390.00 ns
Instruction        2214: 179530.00 ns
Instruction        2215: 179570.00 ns
Instruction        2216: 179590.00 ns
Instruction        2217: 179610.00 ns
Instruction        2218: 179750.00 ns
Instruction        2219: 179790.00 ns
Instruction        2220: 179810.00 ns
Instruction        2221: 179830.00 ns
Instruction        2222: 179970.00 ns
Instruction        2223: 180010.00 ns
Instruction        2224: 180030.00 ns
Instruction        2225: 180050.00 ns
Instruction        2226: 180190.00 ns
Instruction        2227: 180230.00 ns
Instruction        2228: 180250.00 ns
Instruction        2229: 180270.00 ns
Instruction        2230: 180410.00 ns
Instruction        2231: 180450.00 ns
Instruction        2232: 180470.00 ns
Instruction        2233: 180490.00 ns
Instruction        2234: 180630.00 ns
Instruction        2235: 180670.00 ns
Instruction        2236: 180690.00 ns
Instruction        2237: 180710.00 ns
Instruction        2238: 180850.00 ns
Instruction        2239: 180890.00 ns
Instruction        2240: 180910.00 ns
Instruction        2241: 180930.00 ns
Instruction        2242: 181070.00 ns
Instruction        2243: 181110.00 ns
Instruction        2244: 181130.00 ns
Instruction        2245: 181150.00 ns
Instruction        2246: 181290.00 ns
Instruction        2247: 181330.00 ns
Instruction        2248: 181350.00 ns
Instruction        2249: 181370.00 ns
Instruction        2250: 181510.00 ns
Instruction        2251: 181550.00 ns
Instruction        2252: 181570.00 ns
Instruction        2253: 181590.00 ns
Instruction        2254: 181730.00 ns
Instruction        2255: 181770.00 ns
Instruction        2256: 181790.00 ns
Instruction        2257: 181810.00 ns
Instruction        2258: 181950.00 ns
Instruction        2259: 181990.00 ns
Instruction        2260: 182090.00 ns
Instruction        2261: 182270.00 ns
Instruction        2262: 182370.00 ns
Instruction        2263: 182390.00 ns
Instruction        2264: 182650.00 ns
Instruction        2265: 182790.00 ns
Instruction        2266: 182890.00 ns
Instruction        2267: 182990.00 ns
Instruction        2268: 183210.00 ns
Instruction        2269: 183230.00 ns
Instruction        2270: 183330.00 ns
Instruction        2271: 183510.00 ns
Instruction        2272: 183610.00 ns
Instruction        2273: 183630.00 ns
Instruction        2274: 183830.00 ns
Instruction        2275: 183950.00 ns
Instruction        2276: 183970.00 ns
Instruction        2277: 184090.00 ns
Instruction        2278: 184190.00 ns
Instruction        2279: 184210.00 ns
Instruction        2280: 184350.00 ns
Instruction        2281: 184410.00 ns
Instruction        2282: 184430.00 ns
Instruction        2283: 184450.00 ns
Instruction        2284: 184670.00 ns
Instruction        2285: 184690.00 ns
Instruction        2286: 184830.00 ns
Instruction        2287: 185070.00 ns
Instruction        2288: 185090.00 ns
Instruction        2289: 185210.00 ns
Instruction        2290: 185230.00 ns
Instruction        2291: 185350.00 ns
Instruction        2292: 185450.00 ns
Instruction        2293: 185550.00 ns
Instruction        2294: 185690.00 ns
Instruction        2295: 185750.00 ns
Instruction        2296: 185790.00 ns
Instruction        2297: 185870.00 ns
Instruction        2298: 185970.00 ns
Instruction        2299: 185990.00 ns
Instruction        2300: 186030.00 ns
Instruction        2301: 186150.00 ns
Instruction        2302: 186250.00 ns
Instruction        2303: 186270.00 ns
Instruction        2304: 186550.00 ns
Instruction        2305: 186570.00 ns
Instruction        2306: 186590.00 ns
Instruction        2307: 186610.00 ns
Instruction        2308: 186650.00 ns
Instruction        2309: 186710.00 ns
Instruction        2310: 186810.00 ns
Instruction        2311: 187030.00 ns
Instruction        2312: 187130.00 ns
Instruction        2313: 187290.00 ns
Instruction        2314: 187310.00 ns
Instruction        2315: 187550.00 ns
Instruction        2316: 187570.00 ns
Instruction        2317: 187690.00 ns
Instruction        2318: 187950.00 ns
Instruction        2319: 188170.00 ns
Instruction        2320: 188290.00 ns
Instruction        2321: 188410.00 ns
Instruction        2322: 188670.00 ns
Instruction        2323: 188790.00 ns
Instruction        2324: 188810.00 ns
Instruction        2325: 188830.00 ns
Instruction        2326: 188850.00 ns
Instruction        2327: 188950.00 ns
Instruction        2328: 189130.00 ns
Instruction        2329: 189230.00 ns
Instruction        2330: 189330.00 ns
Instruction        2331: 189470.00 ns
Instruction        2332: 189590.00 ns
Instruction        2333: 189610.00 ns
Instruction        2334: 189730.00 ns
Instruction        2335: 189830.00 ns
Instruction        2336: 189850.00 ns
Instruction        2337: 189870.00 ns
Instruction        2338: 189990.00 ns
Instruction        2339: 190090.00 ns
Instruction        2340: 190110.00 ns
Instruction        2341: 190130.00 ns
Instruction        2342: 190230.00 ns
Instruction        2343: 190370.00 ns
Instruction        2344: 190390.00 ns
Instruction        2345: 190410.00 ns
Instruction        2346: 190650.00 ns
Instruction        2347: 190670.00 ns
Instruction        2348: 190690.00 ns
Instruction        2349: 190730.00 ns
Instruction        2350: 190950.00 ns
Instruction        2351: 191090.00 ns
Instruction        2352: 191130.00 ns
Instruction        2353: 191170.00 ns
Instruction        2354: 191210.00 ns
Instruction        2355: 191250.00 ns
Instruction        2356: 191430.00 ns
Instruction        2357: 191530.00 ns
Instruction        2358: 191550.00 ns
Instruction        2359: 191810.00 ns
Instruction        2360: 191830.00 ns
Instruction        2361: 191950.00 ns
Instruction        2362: 192050.00 ns
Instruction        2363: 192070.00 ns
Instruction        2364: 192110.00 ns
Instruction        2365: 192230.00 ns
Instruction        2366: 192330.00 ns
Instruction        2367: 192430.00 ns
Instruction        2368: 192590.00 ns
Instruction        2369: 192850.00 ns
Instruction        2370: 192870.00 ns
Instruction        2371: 192890.00 ns
Instruction        2372: 193010.00 ns
Instruction        2373: 193030.00 ns
Instruction        2374: 193130.00 ns
Instruction        2375: 193230.00 ns
Instruction        2376: 193250.00 ns
Instruction        2377: 193270.00 ns
Instruction        2378: 193370.00 ns
Instruction        2379: 193550.00 ns
Instruction        2380: 193650.00 ns
Instruction        2381: 193670.00 ns
Instruction        2382: 193930.00 ns
Instruction        2383: 193950.00 ns
Instruction        2384: 194210.00 ns
Instruction        2385: 194330.00 ns
Instruction        2386: 194450.00 ns
Instruction        2387: 194570.00 ns
Instruction        2388: 194830.00 ns
Instruction        2389: 194950.00 ns
Instruction        2390: 194990.00 ns
Instruction        2391: 195010.00 ns
Instruction        2392: 195050.00 ns
Instruction        2393: 195150.00 ns
Instruction        2394: 195190.00 ns
Instruction        2395: 195230.00 ns
Instruction        2396: 195250.00 ns
Instruction        2397: 195530.00 ns
Instruction        2398: 195550.00 ns
Instruction        2399: 195670.00 ns
Instruction        2400: 195690.00 ns
Instruction        2401: 195730.00 ns
Instruction        2402: 195790.00 ns
Instruction        2403: 195890.00 ns
Instruction        2404: 195950.00 ns
Instruction        2405: 196190.00 ns
Instruction        2406: 196330.00 ns
Instruction        2407: 196430.00 ns
Instruction        2408: 196450.00 ns
Instruction        2409: 196510.00 ns
Instruction        2410: 196530.00 ns
Instruction        2411: 196570.00 ns
Instruction        2412: 196630.00 ns
Instruction        2413: 196650.00 ns
Instruction        2414: 196670.00 ns
Instruction        2415: 196950.00 ns
Instruction        2416: 196970.00 ns
Instruction        2417: 196990.00 ns
Instruction        2418: 197030.00 ns
Instruction        2419: 197070.00 ns
Instruction        2420: 197110.00 ns
Instruction        2421: 197290.00 ns
Instruction        2422: 197430.00 ns
Instruction        2423: 197450.00 ns
Instruction        2424: 197470.00 ns
Instruction        2425: 197830.00 ns
Instruction        2426: 197850.00 ns
Instruction        2427: 197870.00 ns
Instruction        2428: 197990.00 ns
Instruction        2429: 198090.00 ns
Instruction        2430: 198110.00 ns
Instruction        2431: 198250.00 ns
Instruction        2432: 198490.00 ns
Instruction        2433: 198510.00 ns
Instruction        2434: 198630.00 ns
Instruction        2435: 198890.00 ns
Instruction        2436: 199110.00 ns
Instruction        2437: 199230.00 ns
Instruction        2438: 199350.00 ns
Instruction        2439: 199610.00 ns
Instruction        2440: 199730.00 ns
Instruction        2441: 199850.00 ns
Instruction        2442: 199970.00 ns
Instruction        2443: 200230.00 ns
Instruction        2444: 200250.00 ns
Instruction        2445: 200270.00 ns
Instruction        2446: 200290.00 ns
Instruction        2447: 200310.00 ns
Instruction        2448: 200550.00 ns
Instruction        2449: 200570.00 ns
Instruction        2450: 200610.00 ns
Instruction        2451: 200630.00 ns
Instruction        2452: 200750.00 ns
Instruction        2453: 200890.00 ns
Instruction        2454: 201030.00 ns
Instruction        2455: 201050.00 ns
Instruction        2456: 201150.00 ns
Instruction        2457: 201250.00 ns
Instruction        2458: 201270.00 ns
Instruction        2459: 201290.00 ns
Instruction        2460: 201390.00 ns
Instruction        2461: 201490.00 ns
Instruction        2462: 201510.00 ns
Instruction        2463: 201530.00 ns
Instruction        2464: 201650.00 ns
Instruction        2465: 201750.00 ns
Instruction        2466: 201770.00 ns
Instruction        2467: 201910.00 ns
Instruction        2468: 202010.00 ns
Instruction        2469: 202050.00 ns
Instruction        2470: 202070.00 ns
Instruction        2471: 202170.00 ns
Instruction        2472: 202350.00 ns
Instruction        2473: 202490.00 ns
Instruction        2474: 202510.00 ns
Instruction        2475: 202810.00 ns
Instruction        2476: 202830.00 ns
Instruction        2477: 202890.00 ns
Instruction        2478: 202910.00 ns
Instruction        2479: 203150.00 ns
Instruction        2480: 203170.00 ns
Instruction        2481: 203190.00 ns
Instruction        2482: 203310.00 ns
Instruction        2483: 203350.00 ns
Instruction        2484: 203410.00 ns
Instruction        2485: 203650.00 ns
Instruction        2486: 203670.00 ns
Instruction        2487: 203930.00 ns
Instruction        2488: 204070.00 ns
Instruction        2489: 204170.00 ns
Instruction        2490: 204190.00 ns
Instruction        2491: 204330.00 ns
Instruction        2492: 204570.00 ns
Instruction        2493: 204590.00 ns
Instruction        2494: 204710.00 ns
Instruction        2495: 204970.00 ns
Instruction        2496: 205190.00 ns
Instruction        2497: 205210.00 ns
Instruction        2498: 205250.00 ns
Instruction        2499: 205270.00 ns
Instruction        2500: 205370.00 ns
Instruction        2501: 205470.00 ns
Instruction        2502: 205490.00 ns
Instruction        2503: 205510.00 ns
Instruction        2504: 205610.00 ns
Instruction        2505: 205710.00 ns
Instruction        2506: 205730.00 ns
Instruction        2507: 205750.00 ns
Instruction        2508: 205790.00 ns
Instruction        2509: 205850.00 ns
Instruction        2510: 205950.00 ns
Instruction        2511: 206090.00 ns
Instruction        2512: 206190.00 ns
Instruction        2513: 206210.00 ns
Instruction        2514: 206330.00 ns
Instruction        2515: 206430.00 ns
Instruction        2516: 206550.00 ns
Instruction        2517: 206650.00 ns
Instruction        2518: 206670.00 ns
Instruction        2519: 206930.00 ns
Instruction        2520: 206970.00 ns
Instruction        2521: 207230.00 ns
Instruction        2522: 207370.00 ns
Instruction        2523: 207430.00 ns
Instruction        2524: 207470.00 ns
Instruction        2525: 207490.00 ns
Instruction        2526: 207590.00 ns
Instruction        2527: 207610.00 ns
Instruction        2528: 207630.00 ns
Instruction        2529: 207790.00 ns
Instruction        2530: 207850.00 ns
Instruction        2531: 208090.00 ns
Instruction        2532: 208110.00 ns
Instruction        2533: 208150.00 ns
Instruction        2534: 208210.00 ns
Instruction        2535: 208310.00 ns
Instruction        2536: 208370.00 ns
Instruction        2537: 208470.00 ns
Instruction        2538: 208570.00 ns
Instruction        2539: 208610.00 ns
Instruction        2540: 208630.00 ns
Instruction        2541: 208730.00 ns
Instruction        2542: 208830.00 ns
Instruction        2543: 208850.00 ns
Instruction        2544: 208970.00 ns
Instruction        2545: 209070.00 ns
Instruction        2546: 209090.00 ns
Instruction        2547: 209190.00 ns
Instruction        2548: 209290.00 ns
Instruction        2549: 209510.00 ns
Instruction        2550: 209530.00 ns
Instruction        2551: 209630.00 ns
Instruction        2552: 209730.00 ns
Instruction        2553: 209790.00 ns
Instruction        2554: 209890.00 ns
Instruction        2555: 210010.00 ns
Instruction        2556: 210030.00 ns
Instruction        2557: 210070.00 ns
Instruction        2558: 210090.00 ns
Instruction        2559: 210210.00 ns
Instruction        2560: 210310.00 ns
Instruction        2561: 210330.00 ns
Instruction        2562: 210410.00 ns
Instruction        2563: 210450.00 ns
Instruction        2564: 210490.00 ns
Instruction        2565: 210590.00 ns
Instruction        2566: 210670.00 ns
Instruction        2567: 210890.00 ns
Instruction        2568: 211030.00 ns
Instruction        2569: 211070.00 ns
Instruction        2570: 211110.00 ns
Instruction        2571: 211250.00 ns
Instruction        2572: 211290.00 ns
Instruction        2573: 211350.00 ns
Instruction        2574: 211410.00 ns
Instruction        2575: 211650.00 ns
Instruction        2576: 211870.00 ns
Instruction        2577: 211890.00 ns
Instruction        2578: 212010.00 ns
Instruction        2579: 212110.00 ns
Instruction        2580: 212130.00 ns
Instruction        2581: 212350.00 ns
Instruction        2582: 212370.00 ns
Instruction        2583: 212570.00 ns
